Started train
Started epoch 0
Train Epoch: 0 [0/2268 (0%)]	Loss: 0.037837
Train Epoch: 0 [20/2268 (0%)]	Loss: 0.000116
Train Epoch: 0 [40/2268 (0%)]	Loss: 0.000279
Train Epoch: 0 [60/2268 (0%)]	Loss: 0.000158
Train Epoch: 0 [80/2268 (0%)]	Loss: 0.000154
Train Epoch: 0 [100/2268 (0%)]	Loss: 0.000220
Train Epoch: 0 [120/2268 (1%)]	Loss: 0.000124
Train Epoch: 0 [140/2268 (1%)]	Loss: 0.000090
Train Epoch: 0 [160/2268 (1%)]	Loss: 0.000196
Train Epoch: 0 [180/2268 (1%)]	Loss: 0.000122
Train Epoch: 0 [200/2268 (1%)]	Loss: 0.000117
Train Epoch: 0 [220/2268 (1%)]	Loss: 0.000124
Train Epoch: 0 [240/2268 (1%)]	Loss: 0.000159
Train Epoch: 0 [260/2268 (1%)]	Loss: 0.000109
Train Epoch: 0 [280/2268 (1%)]	Loss: 0.000124
Train Epoch: 0 [300/2268 (1%)]	Loss: 0.000144
Train Epoch: 0 [320/2268 (1%)]	Loss: 0.000094
Train Epoch: 0 [340/2268 (1%)]	Loss: 0.000072
Train Epoch: 0 [360/2268 (2%)]	Loss: 0.000157
Train Epoch: 0 [380/2268 (2%)]	Loss: 0.000092
Train Epoch: 0 [400/2268 (2%)]	Loss: 0.000156
Train Epoch: 0 [420/2268 (2%)]	Loss: 0.000081
Train Epoch: 0 [440/2268 (2%)]	Loss: 0.000138
Train Epoch: 0 [460/2268 (2%)]	Loss: 0.000122
Train Epoch: 0 [480/2268 (2%)]	Loss: 0.000130
Train Epoch: 0 [500/2268 (2%)]	Loss: 0.000174
Train Epoch: 0 [520/2268 (2%)]	Loss: 0.000148
Train Epoch: 0 [540/2268 (2%)]	Loss: 0.000148
Train Epoch: 0 [560/2268 (2%)]	Loss: 0.000062
Train Epoch: 0 [580/2268 (3%)]	Loss: 0.000171
Train Epoch: 0 [600/2268 (3%)]	Loss: 0.000169
Train Epoch: 0 [620/2268 (3%)]	Loss: 0.000102
Train Epoch: 0 [640/2268 (3%)]	Loss: 0.000138
Train Epoch: 0 [660/2268 (3%)]	Loss: 0.000148
Train Epoch: 0 [680/2268 (3%)]	Loss: 0.000133
Train Epoch: 0 [700/2268 (3%)]	Loss: 0.000153
Train Epoch: 0 [720/2268 (3%)]	Loss: 0.000079
Train Epoch: 0 [740/2268 (3%)]	Loss: 0.000156
Train Epoch: 0 [760/2268 (3%)]	Loss: 0.000115
Train Epoch: 0 [780/2268 (3%)]	Loss: 0.000197
Train Epoch: 0 [800/2268 (4%)]	Loss: 0.000260
Train Epoch: 0 [820/2268 (4%)]	Loss: 0.000122
Train Epoch: 0 [840/2268 (4%)]	Loss: 0.000115
Train Epoch: 0 [860/2268 (4%)]	Loss: 0.000164
Train Epoch: 0 [880/2268 (4%)]	Loss: 0.000112
Train Epoch: 0 [900/2268 (4%)]	Loss: 0.000185
Train Epoch: 0 [920/2268 (4%)]	Loss: 0.000134
Train Epoch: 0 [940/2268 (4%)]	Loss: 0.000144
Train Epoch: 0 [960/2268 (4%)]	Loss: 0.000143
Train Epoch: 0 [980/2268 (4%)]	Loss: 0.000128
Train Epoch: 0 [1000/2268 (4%)]	Loss: 0.000126
Train Epoch: 0 [1020/2268 (4%)]	Loss: 0.000071
Train Epoch: 0 [1040/2268 (5%)]	Loss: 0.000159
Train Epoch: 0 [1060/2268 (5%)]	Loss: 0.000152
Train Epoch: 0 [1080/2268 (5%)]	Loss: 0.000128
Train Epoch: 0 [1100/2268 (5%)]	Loss: 0.000127
Train Epoch: 0 [1120/2268 (5%)]	Loss: 0.000260
Train Epoch: 0 [1140/2268 (5%)]	Loss: 0.000148
Train Epoch: 0 [1160/2268 (5%)]	Loss: 0.000162
Train Epoch: 0 [1180/2268 (5%)]	Loss: 0.000153
Train Epoch: 0 [1200/2268 (5%)]	Loss: 0.000156
Train Epoch: 0 [1220/2268 (5%)]	Loss: 0.000099
Train Epoch: 0 [1240/2268 (5%)]	Loss: 0.000079
Train Epoch: 0 [1260/2268 (6%)]	Loss: 0.000174
Train Epoch: 0 [1280/2268 (6%)]	Loss: 0.000155
Train Epoch: 0 [1300/2268 (6%)]	Loss: 0.000092
Train Epoch: 0 [1320/2268 (6%)]	Loss: 0.000105
Train Epoch: 0 [1340/2268 (6%)]	Loss: 0.000189
Train Epoch: 0 [1360/2268 (6%)]	Loss: 0.000165
Train Epoch: 0 [1380/2268 (6%)]	Loss: 0.000145
Train Epoch: 0 [1400/2268 (6%)]	Loss: 0.000169
Train Epoch: 0 [1420/2268 (6%)]	Loss: 0.000104
Train Epoch: 0 [1440/2268 (6%)]	Loss: 0.000124
Train Epoch: 0 [1460/2268 (6%)]	Loss: 0.000089
Train Epoch: 0 [1480/2268 (7%)]	Loss: 0.000164
Train Epoch: 0 [1500/2268 (7%)]	Loss: 0.000192
Train Epoch: 0 [1520/2268 (7%)]	Loss: 0.000153
Train Epoch: 0 [1540/2268 (7%)]	Loss: 0.000101
Train Epoch: 0 [1560/2268 (7%)]	Loss: 0.000161
Train Epoch: 0 [1580/2268 (7%)]	Loss: 0.000108
Train Epoch: 0 [1600/2268 (7%)]	Loss: 0.000119
Train Epoch: 0 [1620/2268 (7%)]	Loss: 0.000134
Train Epoch: 0 [1640/2268 (7%)]	Loss: 0.000082
Train Epoch: 0 [1660/2268 (7%)]	Loss: 0.000276
Train Epoch: 0 [1680/2268 (7%)]	Loss: 0.000113
Train Epoch: 0 [1700/2268 (7%)]	Loss: 0.000164
Train Epoch: 0 [1720/2268 (8%)]	Loss: 0.000181
Train Epoch: 0 [1740/2268 (8%)]	Loss: 0.000259
Train Epoch: 0 [1760/2268 (8%)]	Loss: 0.000157
Train Epoch: 0 [1780/2268 (8%)]	Loss: 0.000160
Train Epoch: 0 [1800/2268 (8%)]	Loss: 0.000135
Train Epoch: 0 [1820/2268 (8%)]	Loss: 0.000583
Train Epoch: 0 [1840/2268 (8%)]	Loss: 0.000101
Train Epoch: 0 [1860/2268 (8%)]	Loss: 0.000158
Train Epoch: 0 [1880/2268 (8%)]	Loss: 0.000087
Train Epoch: 0 [1900/2268 (8%)]	Loss: 0.000107
Train Epoch: 0 [1920/2268 (8%)]	Loss: 0.000082
Train Epoch: 0 [1940/2268 (9%)]	Loss: 0.000128
Train Epoch: 0 [1960/2268 (9%)]	Loss: 0.000080
Train Epoch: 0 [1980/2268 (9%)]	Loss: 0.000102
Train Epoch: 0 [2000/2268 (9%)]	Loss: 0.000107
Train Epoch: 0 [2020/2268 (9%)]	Loss: 0.000179
Train Epoch: 0 [2040/2268 (9%)]	Loss: 0.000135
Train Epoch: 0 [2060/2268 (9%)]	Loss: 0.000152
Train Epoch: 0 [2080/2268 (9%)]	Loss: 0.000166
Train Epoch: 0 [2100/2268 (9%)]	Loss: 0.000164
Train Epoch: 0 [2120/2268 (9%)]	Loss: 0.000125
Train Epoch: 0 [2140/2268 (9%)]	Loss: 0.000109
Train Epoch: 0 [2160/2268 (10%)]	Loss: 0.000145
Train Epoch: 0 [2180/2268 (10%)]	Loss: 0.000181
Train Epoch: 0 [2200/2268 (10%)]	Loss: 0.000199
Train Epoch: 0 [2220/2268 (10%)]	Loss: 0.000121
Train Epoch: 0 [2240/2268 (10%)]	Loss: 0.000174
Train Epoch: 0 [2260/2268 (10%)]	Loss: 0.000127

Average Train Epoch Loss:  0.00018894014331036067
Started validation
Val Epoch: 0 [0/1260 (0%)]	Average Loss So Far: 0.000085
Val Epoch: 0 [40/1260 (0%)]	Average Loss So Far: 0.000120
Val Epoch: 0 [80/1260 (0%)]	Average Loss So Far: 0.000129
Val Epoch: 0 [120/1260 (0%)]	Average Loss So Far: 0.000133
Val Epoch: 0 [160/1260 (1%)]	Average Loss So Far: 0.000136
Val Epoch: 0 [200/1260 (1%)]	Average Loss So Far: 0.000134
Val Epoch: 0 [240/1260 (1%)]	Average Loss So Far: 0.000131
Val Epoch: 0 [280/1260 (1%)]	Average Loss So Far: 0.000132
Val Epoch: 0 [320/1260 (1%)]	Average Loss So Far: 0.000130
Val Epoch: 0 [360/1260 (1%)]	Average Loss So Far: 0.000131
Val Epoch: 0 [400/1260 (2%)]	Average Loss So Far: 0.000132
Val Epoch: 0 [440/1260 (2%)]	Average Loss So Far: 0.000132
Val Epoch: 0 [480/1260 (2%)]	Average Loss So Far: 0.000132
Val Epoch: 0 [520/1260 (2%)]	Average Loss So Far: 0.000132
Val Epoch: 0 [560/1260 (2%)]	Average Loss So Far: 0.000132
Val Epoch: 0 [600/1260 (2%)]	Average Loss So Far: 0.000132
Val Epoch: 0 [640/1260 (3%)]	Average Loss So Far: 0.000133
Val Epoch: 0 [680/1260 (3%)]	Average Loss So Far: 0.000132
Val Epoch: 0 [720/1260 (3%)]	Average Loss So Far: 0.000132
Val Epoch: 0 [760/1260 (3%)]	Average Loss So Far: 0.000132
Val Epoch: 0 [800/1260 (3%)]	Average Loss So Far: 0.000132
Val Epoch: 0 [840/1260 (3%)]	Average Loss So Far: 0.000132
Val Epoch: 0 [880/1260 (3%)]	Average Loss So Far: 0.000132
Val Epoch: 0 [920/1260 (4%)]	Average Loss So Far: 0.000132
Val Epoch: 0 [960/1260 (4%)]	Average Loss So Far: 0.000132
Val Epoch: 0 [1000/1260 (4%)]	Average Loss So Far: 0.000133
Val Epoch: 0 [1040/1260 (4%)]	Average Loss So Far: 0.000133
Val Epoch: 0 [1080/1260 (4%)]	Average Loss So Far: 0.000133
Val Epoch: 0 [1120/1260 (4%)]	Average Loss So Far: 0.000133
Val Epoch: 0 [1160/1260 (5%)]	Average Loss So Far: 0.000133
Val Epoch: 0 [1200/1260 (5%)]	Average Loss So Far: 0.000133
Val Epoch: 0 [1240/1260 (5%)]	Average Loss So Far: 0.000133
Average Validation Epoch Loss:  0.00013336240432568303
Average Threat Score:  0.3404599868433757
Started epoch 1
Train Epoch: 1 [0/2268 (0%)]	Loss: 0.000310
Train Epoch: 1 [20/2268 (0%)]	Loss: 0.000188
Train Epoch: 1 [40/2268 (0%)]	Loss: 0.000205
Train Epoch: 1 [60/2268 (0%)]	Loss: 0.000266
Train Epoch: 1 [80/2268 (0%)]	Loss: 0.000085
Train Epoch: 1 [100/2268 (0%)]	Loss: 0.000112
Train Epoch: 1 [120/2268 (1%)]	Loss: 0.000220
Train Epoch: 1 [140/2268 (1%)]	Loss: 0.000010
Train Epoch: 1 [160/2268 (1%)]	Loss: 0.000147
Train Epoch: 1 [180/2268 (1%)]	Loss: 0.000124
Train Epoch: 1 [200/2268 (1%)]	Loss: 0.000130
Train Epoch: 1 [220/2268 (1%)]	Loss: 0.000205
Train Epoch: 1 [240/2268 (1%)]	Loss: 0.000197
Train Epoch: 1 [260/2268 (1%)]	Loss: 0.000090
Train Epoch: 1 [280/2268 (1%)]	Loss: 0.000135
Train Epoch: 1 [300/2268 (1%)]	Loss: 0.000201
Train Epoch: 1 [320/2268 (1%)]	Loss: 0.000198
Train Epoch: 1 [340/2268 (1%)]	Loss: 0.000057
Train Epoch: 1 [360/2268 (2%)]	Loss: 0.000180
Train Epoch: 1 [380/2268 (2%)]	Loss: 0.000135
Train Epoch: 1 [400/2268 (2%)]	Loss: 0.000198
Train Epoch: 1 [420/2268 (2%)]	Loss: 0.000159
Train Epoch: 1 [440/2268 (2%)]	Loss: 0.000199
Train Epoch: 1 [460/2268 (2%)]	Loss: 0.000232
Train Epoch: 1 [480/2268 (2%)]	Loss: 0.000137
Train Epoch: 1 [500/2268 (2%)]	Loss: 0.000135
Train Epoch: 1 [520/2268 (2%)]	Loss: 0.000176
Train Epoch: 1 [540/2268 (2%)]	Loss: 0.000115
Train Epoch: 1 [560/2268 (2%)]	Loss: 0.000108
Train Epoch: 1 [580/2268 (3%)]	Loss: 0.000201
Train Epoch: 1 [600/2268 (3%)]	Loss: 0.000091
Train Epoch: 1 [620/2268 (3%)]	Loss: 0.000178
Train Epoch: 1 [640/2268 (3%)]	Loss: 0.000186
Train Epoch: 1 [660/2268 (3%)]	Loss: 0.000138
Train Epoch: 1 [680/2268 (3%)]	Loss: 0.000175
Train Epoch: 1 [700/2268 (3%)]	Loss: 0.000129
Train Epoch: 1 [720/2268 (3%)]	Loss: 0.000165
Train Epoch: 1 [740/2268 (3%)]	Loss: 0.000190
Train Epoch: 1 [760/2268 (3%)]	Loss: 0.000169
Train Epoch: 1 [780/2268 (3%)]	Loss: 0.000067
Train Epoch: 1 [800/2268 (4%)]	Loss: 0.000105
Train Epoch: 1 [820/2268 (4%)]	Loss: 0.000172
Train Epoch: 1 [840/2268 (4%)]	Loss: 0.000131
Train Epoch: 1 [860/2268 (4%)]	Loss: 0.000102
Train Epoch: 1 [880/2268 (4%)]	Loss: 0.000105
Train Epoch: 1 [900/2268 (4%)]	Loss: 0.000179
Train Epoch: 1 [920/2268 (4%)]	Loss: 0.000138
Train Epoch: 1 [940/2268 (4%)]	Loss: 0.000160
Train Epoch: 1 [960/2268 (4%)]	Loss: 0.000283
Train Epoch: 1 [980/2268 (4%)]	Loss: 0.000179
Train Epoch: 1 [1000/2268 (4%)]	Loss: 0.000102
Train Epoch: 1 [1020/2268 (4%)]	Loss: 0.000233
Train Epoch: 1 [1040/2268 (5%)]	Loss: 0.000200
Train Epoch: 1 [1060/2268 (5%)]	Loss: 0.000144
Train Epoch: 1 [1080/2268 (5%)]	Loss: 0.000131
Train Epoch: 1 [1100/2268 (5%)]	Loss: 0.000125
Train Epoch: 1 [1120/2268 (5%)]	Loss: 0.000122
Train Epoch: 1 [1140/2268 (5%)]	Loss: 0.000189
Train Epoch: 1 [1160/2268 (5%)]	Loss: 0.000198
Train Epoch: 1 [1180/2268 (5%)]	Loss: 0.000136
Train Epoch: 1 [1200/2268 (5%)]	Loss: 0.000171
Train Epoch: 1 [1220/2268 (5%)]	Loss: 0.000127
Train Epoch: 1 [1240/2268 (5%)]	Loss: 0.000133
Train Epoch: 1 [1260/2268 (6%)]	Loss: 0.000094
Train Epoch: 1 [1280/2268 (6%)]	Loss: 0.000131
Train Epoch: 1 [1300/2268 (6%)]	Loss: 0.000059
Train Epoch: 1 [1320/2268 (6%)]	Loss: 0.000147
Train Epoch: 1 [1340/2268 (6%)]	Loss: 0.000096
Train Epoch: 1 [1360/2268 (6%)]	Loss: 0.000165
Train Epoch: 1 [1380/2268 (6%)]	Loss: 0.000139
Train Epoch: 1 [1400/2268 (6%)]	Loss: 0.000103
Train Epoch: 1 [1420/2268 (6%)]	Loss: 0.000126
Train Epoch: 1 [1440/2268 (6%)]	Loss: 0.000093
Train Epoch: 1 [1460/2268 (6%)]	Loss: 0.000203
Train Epoch: 1 [1480/2268 (7%)]	Loss: 0.000209
Train Epoch: 1 [1500/2268 (7%)]	Loss: 0.000181
Train Epoch: 1 [1520/2268 (7%)]	Loss: 0.000098
Train Epoch: 1 [1540/2268 (7%)]	Loss: 0.000182
Train Epoch: 1 [1560/2268 (7%)]	Loss: 0.000162
Train Epoch: 1 [1580/2268 (7%)]	Loss: 0.000210
Train Epoch: 1 [1600/2268 (7%)]	Loss: 0.000128
Train Epoch: 1 [1620/2268 (7%)]	Loss: 0.000136
Train Epoch: 1 [1640/2268 (7%)]	Loss: 0.000182
Train Epoch: 1 [1660/2268 (7%)]	Loss: 0.000085
Train Epoch: 1 [1680/2268 (7%)]	Loss: 0.000108
Train Epoch: 1 [1700/2268 (7%)]	Loss: 0.000124
Train Epoch: 1 [1720/2268 (8%)]	Loss: 0.000163
Train Epoch: 1 [1740/2268 (8%)]	Loss: 0.000133
Train Epoch: 1 [1760/2268 (8%)]	Loss: 0.000214
Train Epoch: 1 [1780/2268 (8%)]	Loss: 0.000178
Train Epoch: 1 [1800/2268 (8%)]	Loss: 0.000193
Train Epoch: 1 [1820/2268 (8%)]	Loss: 0.000272
Train Epoch: 1 [1840/2268 (8%)]	Loss: 0.000123
Train Epoch: 1 [1860/2268 (8%)]	Loss: 0.000143
Train Epoch: 1 [1880/2268 (8%)]	Loss: 0.000211
Train Epoch: 1 [1900/2268 (8%)]	Loss: 0.000166
Train Epoch: 1 [1920/2268 (8%)]	Loss: 0.000134
Train Epoch: 1 [1940/2268 (9%)]	Loss: 0.000123
Train Epoch: 1 [1960/2268 (9%)]	Loss: 0.000176
Train Epoch: 1 [1980/2268 (9%)]	Loss: 0.000157
Train Epoch: 1 [2000/2268 (9%)]	Loss: 0.000135
Train Epoch: 1 [2020/2268 (9%)]	Loss: 0.000145
Train Epoch: 1 [2040/2268 (9%)]	Loss: 0.000198
Train Epoch: 1 [2060/2268 (9%)]	Loss: 0.000121
Train Epoch: 1 [2080/2268 (9%)]	Loss: 0.000184
Train Epoch: 1 [2100/2268 (9%)]	Loss: 0.000111
Train Epoch: 1 [2120/2268 (9%)]	Loss: 0.000138
Train Epoch: 1 [2140/2268 (9%)]	Loss: 0.000110
Train Epoch: 1 [2160/2268 (10%)]	Loss: 0.000095
Train Epoch: 1 [2180/2268 (10%)]	Loss: 0.000138
Train Epoch: 1 [2200/2268 (10%)]	Loss: 0.000138
Train Epoch: 1 [2220/2268 (10%)]	Loss: 0.000118
Train Epoch: 1 [2240/2268 (10%)]	Loss: 0.000153
Train Epoch: 1 [2260/2268 (10%)]	Loss: 0.000095

Average Train Epoch Loss:  0.00014995798618581358
Started validation
Val Epoch: 1 [0/1260 (0%)]	Average Loss So Far: 0.000161
Val Epoch: 1 [40/1260 (0%)]	Average Loss So Far: 0.000128
Val Epoch: 1 [80/1260 (0%)]	Average Loss So Far: 0.000135
Val Epoch: 1 [120/1260 (0%)]	Average Loss So Far: 0.000131
Val Epoch: 1 [160/1260 (1%)]	Average Loss So Far: 0.000133
Val Epoch: 1 [200/1260 (1%)]	Average Loss So Far: 0.000132
Val Epoch: 1 [240/1260 (1%)]	Average Loss So Far: 0.000132
Val Epoch: 1 [280/1260 (1%)]	Average Loss So Far: 0.000134
Val Epoch: 1 [320/1260 (1%)]	Average Loss So Far: 0.000134
Val Epoch: 1 [360/1260 (1%)]	Average Loss So Far: 0.000133
Val Epoch: 1 [400/1260 (2%)]	Average Loss So Far: 0.000134
Val Epoch: 1 [440/1260 (2%)]	Average Loss So Far: 0.000135
Val Epoch: 1 [480/1260 (2%)]	Average Loss So Far: 0.000134
Val Epoch: 1 [520/1260 (2%)]	Average Loss So Far: 0.000132
Val Epoch: 1 [560/1260 (2%)]	Average Loss So Far: 0.000134
Val Epoch: 1 [600/1260 (2%)]	Average Loss So Far: 0.000133
Val Epoch: 1 [640/1260 (3%)]	Average Loss So Far: 0.000133
Val Epoch: 1 [680/1260 (3%)]	Average Loss So Far: 0.000133
Val Epoch: 1 [720/1260 (3%)]	Average Loss So Far: 0.000133
Val Epoch: 1 [760/1260 (3%)]	Average Loss So Far: 0.000134
Val Epoch: 1 [800/1260 (3%)]	Average Loss So Far: 0.000133
Val Epoch: 1 [840/1260 (3%)]	Average Loss So Far: 0.000134
Val Epoch: 1 [880/1260 (3%)]	Average Loss So Far: 0.000134
Val Epoch: 1 [920/1260 (4%)]	Average Loss So Far: 0.000134
Val Epoch: 1 [960/1260 (4%)]	Average Loss So Far: 0.000134
Val Epoch: 1 [1000/1260 (4%)]	Average Loss So Far: 0.000134
Val Epoch: 1 [1040/1260 (4%)]	Average Loss So Far: 0.000134
Val Epoch: 1 [1080/1260 (4%)]	Average Loss So Far: 0.000134
Val Epoch: 1 [1120/1260 (4%)]	Average Loss So Far: 0.000134
Val Epoch: 1 [1160/1260 (5%)]	Average Loss So Far: 0.000134
Val Epoch: 1 [1200/1260 (5%)]	Average Loss So Far: 0.000135
Val Epoch: 1 [1240/1260 (5%)]	Average Loss So Far: 0.000135
Average Validation Epoch Loss:  0.00013433468186795625
Average Threat Score:  0.3404599867010903
Started epoch 2
Train Epoch: 2 [0/2268 (0%)]	Loss: 0.000146
Train Epoch: 2 [20/2268 (0%)]	Loss: 0.000137
Train Epoch: 2 [40/2268 (0%)]	Loss: 0.000110
Train Epoch: 2 [60/2268 (0%)]	Loss: 0.000094
Train Epoch: 2 [80/2268 (0%)]	Loss: 0.000168
Train Epoch: 2 [100/2268 (0%)]	Loss: 0.000188
Train Epoch: 2 [120/2268 (1%)]	Loss: 0.000110
Train Epoch: 2 [140/2268 (1%)]	Loss: 0.000117
Train Epoch: 2 [160/2268 (1%)]	Loss: 0.000067
Train Epoch: 2 [180/2268 (1%)]	Loss: 0.000134
Train Epoch: 2 [200/2268 (1%)]	Loss: 0.000155
Train Epoch: 2 [220/2268 (1%)]	Loss: 0.000163
Train Epoch: 2 [240/2268 (1%)]	Loss: 0.000146
Train Epoch: 2 [260/2268 (1%)]	Loss: 0.000094
Train Epoch: 2 [280/2268 (1%)]	Loss: 0.000119
Train Epoch: 2 [300/2268 (1%)]	Loss: 0.000143
Train Epoch: 2 [320/2268 (1%)]	Loss: 0.000186
Train Epoch: 2 [340/2268 (1%)]	Loss: 0.000105
Train Epoch: 2 [360/2268 (2%)]	Loss: 0.000182
Train Epoch: 2 [380/2268 (2%)]	Loss: 0.000305
Train Epoch: 2 [400/2268 (2%)]	Loss: 0.002447
Train Epoch: 2 [420/2268 (2%)]	Loss: 0.000143
Train Epoch: 2 [440/2268 (2%)]	Loss: 0.000116
Train Epoch: 2 [460/2268 (2%)]	Loss: 0.000144
Train Epoch: 2 [480/2268 (2%)]	Loss: 0.000159
Train Epoch: 2 [500/2268 (2%)]	Loss: 0.000111
Train Epoch: 2 [520/2268 (2%)]	Loss: 0.000130
Train Epoch: 2 [540/2268 (2%)]	Loss: 0.000158
Train Epoch: 2 [560/2268 (2%)]	Loss: 0.000504
Train Epoch: 2 [580/2268 (3%)]	Loss: 0.000109
Train Epoch: 2 [600/2268 (3%)]	Loss: 0.000149
Train Epoch: 2 [620/2268 (3%)]	Loss: 0.000128
Train Epoch: 2 [640/2268 (3%)]	Loss: 0.000145
Train Epoch: 2 [660/2268 (3%)]	Loss: 0.000131
Train Epoch: 2 [680/2268 (3%)]	Loss: 0.000094
Train Epoch: 2 [700/2268 (3%)]	Loss: 0.000152
Train Epoch: 2 [720/2268 (3%)]	Loss: 0.000199
Train Epoch: 2 [740/2268 (3%)]	Loss: 0.000156
Train Epoch: 2 [760/2268 (3%)]	Loss: 0.000212
Train Epoch: 2 [780/2268 (3%)]	Loss: 0.000167
Train Epoch: 2 [800/2268 (4%)]	Loss: 0.000092
Train Epoch: 2 [820/2268 (4%)]	Loss: 0.000130
Train Epoch: 2 [840/2268 (4%)]	Loss: 0.000109
Train Epoch: 2 [860/2268 (4%)]	Loss: 0.000147
Train Epoch: 2 [880/2268 (4%)]	Loss: 0.000198
Train Epoch: 2 [900/2268 (4%)]	Loss: 0.000138
Train Epoch: 2 [920/2268 (4%)]	Loss: 0.000086
Train Epoch: 2 [940/2268 (4%)]	Loss: 0.000285
Train Epoch: 2 [960/2268 (4%)]	Loss: 0.000229
Train Epoch: 2 [980/2268 (4%)]	Loss: 0.000151
Train Epoch: 2 [1000/2268 (4%)]	Loss: 0.000107
Train Epoch: 2 [1020/2268 (4%)]	Loss: 0.000160
Train Epoch: 2 [1040/2268 (5%)]	Loss: 0.000201
Train Epoch: 2 [1060/2268 (5%)]	Loss: 0.000085
Train Epoch: 2 [1080/2268 (5%)]	Loss: 0.000178
Train Epoch: 2 [1100/2268 (5%)]	Loss: 0.000103
Train Epoch: 2 [1120/2268 (5%)]	Loss: 0.000139
Train Epoch: 2 [1140/2268 (5%)]	Loss: 0.000101
Train Epoch: 2 [1160/2268 (5%)]	Loss: 0.000211
Train Epoch: 2 [1180/2268 (5%)]	Loss: 0.000115
Train Epoch: 2 [1200/2268 (5%)]	Loss: 0.000188
Train Epoch: 2 [1220/2268 (5%)]	Loss: 0.000099
Train Epoch: 2 [1240/2268 (5%)]	Loss: 0.000162
Train Epoch: 2 [1260/2268 (6%)]	Loss: 0.000130
Train Epoch: 2 [1280/2268 (6%)]	Loss: 0.000084
Train Epoch: 2 [1300/2268 (6%)]	Loss: 0.000131
Train Epoch: 2 [1320/2268 (6%)]	Loss: 0.000163
Train Epoch: 2 [1340/2268 (6%)]	Loss: 0.000109
Train Epoch: 2 [1360/2268 (6%)]	Loss: 0.000108
Train Epoch: 2 [1380/2268 (6%)]	Loss: 0.000178
Train Epoch: 2 [1400/2268 (6%)]	Loss: 0.000215
Train Epoch: 2 [1420/2268 (6%)]	Loss: 0.000178
Train Epoch: 2 [1440/2268 (6%)]	Loss: 0.000149
Train Epoch: 2 [1460/2268 (6%)]	Loss: 0.000117
Train Epoch: 2 [1480/2268 (7%)]	Loss: 0.000111
Train Epoch: 2 [1500/2268 (7%)]	Loss: 0.000119
Train Epoch: 2 [1520/2268 (7%)]	Loss: 0.000135
Train Epoch: 2 [1540/2268 (7%)]	Loss: 0.000304
Train Epoch: 2 [1560/2268 (7%)]	Loss: 0.000088
Train Epoch: 2 [1580/2268 (7%)]	Loss: 0.000098
Train Epoch: 2 [1600/2268 (7%)]	Loss: 0.000083
Train Epoch: 2 [1620/2268 (7%)]	Loss: 0.000059
Train Epoch: 2 [1640/2268 (7%)]	Loss: 0.000119
Train Epoch: 2 [1660/2268 (7%)]	Loss: 0.000185
Train Epoch: 2 [1680/2268 (7%)]	Loss: 0.000099
Train Epoch: 2 [1700/2268 (7%)]	Loss: 0.000126
Train Epoch: 2 [1720/2268 (8%)]	Loss: 0.000098
Train Epoch: 2 [1740/2268 (8%)]	Loss: 0.000136
Train Epoch: 2 [1760/2268 (8%)]	Loss: 0.000114
Train Epoch: 2 [1780/2268 (8%)]	Loss: 0.000151
Train Epoch: 2 [1800/2268 (8%)]	Loss: 0.000144
Train Epoch: 2 [1820/2268 (8%)]	Loss: 0.000094
Train Epoch: 2 [1840/2268 (8%)]	Loss: 0.000222
Train Epoch: 2 [1860/2268 (8%)]	Loss: 0.000244
Train Epoch: 2 [1880/2268 (8%)]	Loss: 0.000152
Train Epoch: 2 [1900/2268 (8%)]	Loss: 0.000142
Train Epoch: 2 [1920/2268 (8%)]	Loss: 0.000099
Train Epoch: 2 [1940/2268 (9%)]	Loss: 0.000121
Train Epoch: 2 [1960/2268 (9%)]	Loss: 0.000194
Train Epoch: 2 [1980/2268 (9%)]	Loss: 0.000066
Train Epoch: 2 [2000/2268 (9%)]	Loss: 0.000102
Train Epoch: 2 [2020/2268 (9%)]	Loss: 0.000205
Train Epoch: 2 [2040/2268 (9%)]	Loss: 0.000130
Train Epoch: 2 [2060/2268 (9%)]	Loss: 0.000072
Train Epoch: 2 [2080/2268 (9%)]	Loss: 0.000399
Train Epoch: 2 [2100/2268 (9%)]	Loss: 0.000191
Train Epoch: 2 [2120/2268 (9%)]	Loss: 0.000149
Train Epoch: 2 [2140/2268 (9%)]	Loss: 0.000098
Train Epoch: 2 [2160/2268 (10%)]	Loss: 0.000293
Train Epoch: 2 [2180/2268 (10%)]	Loss: 0.000143
Train Epoch: 2 [2200/2268 (10%)]	Loss: 0.000080
Train Epoch: 2 [2220/2268 (10%)]	Loss: 0.000088
Train Epoch: 2 [2240/2268 (10%)]	Loss: 0.000101
Train Epoch: 2 [2260/2268 (10%)]	Loss: 0.000120

Average Train Epoch Loss:  0.00015236954815524208
Started validation
Val Epoch: 2 [0/1260 (0%)]	Average Loss So Far: 0.000194
Val Epoch: 2 [40/1260 (0%)]	Average Loss So Far: 0.000130
Val Epoch: 2 [80/1260 (0%)]	Average Loss So Far: 0.000131
Val Epoch: 2 [120/1260 (0%)]	Average Loss So Far: 0.000130
Val Epoch: 2 [160/1260 (1%)]	Average Loss So Far: 0.000132
Val Epoch: 2 [200/1260 (1%)]	Average Loss So Far: 0.000131
Val Epoch: 2 [240/1260 (1%)]	Average Loss So Far: 0.000130
Val Epoch: 2 [280/1260 (1%)]	Average Loss So Far: 0.000131
Val Epoch: 2 [320/1260 (1%)]	Average Loss So Far: 0.000132
Val Epoch: 2 [360/1260 (1%)]	Average Loss So Far: 0.000132
Val Epoch: 2 [400/1260 (2%)]	Average Loss So Far: 0.000132
Val Epoch: 2 [440/1260 (2%)]	Average Loss So Far: 0.000131
Val Epoch: 2 [480/1260 (2%)]	Average Loss So Far: 0.000131
Val Epoch: 2 [520/1260 (2%)]	Average Loss So Far: 0.000132
Val Epoch: 2 [560/1260 (2%)]	Average Loss So Far: 0.000131
Val Epoch: 2 [600/1260 (2%)]	Average Loss So Far: 0.000132
Val Epoch: 2 [640/1260 (3%)]	Average Loss So Far: 0.000134
Val Epoch: 2 [680/1260 (3%)]	Average Loss So Far: 0.000134
Val Epoch: 2 [720/1260 (3%)]	Average Loss So Far: 0.000134
Val Epoch: 2 [760/1260 (3%)]	Average Loss So Far: 0.000135
Val Epoch: 2 [800/1260 (3%)]	Average Loss So Far: 0.000135
Val Epoch: 2 [840/1260 (3%)]	Average Loss So Far: 0.000135
Val Epoch: 2 [880/1260 (3%)]	Average Loss So Far: 0.000135
Val Epoch: 2 [920/1260 (4%)]	Average Loss So Far: 0.000135
Val Epoch: 2 [960/1260 (4%)]	Average Loss So Far: 0.000135
Val Epoch: 2 [1000/1260 (4%)]	Average Loss So Far: 0.000136
Val Epoch: 2 [1040/1260 (4%)]	Average Loss So Far: 0.000136
Val Epoch: 2 [1080/1260 (4%)]	Average Loss So Far: 0.000136
Val Epoch: 2 [1120/1260 (4%)]	Average Loss So Far: 0.000136
Val Epoch: 2 [1160/1260 (5%)]	Average Loss So Far: 0.000135
Val Epoch: 2 [1200/1260 (5%)]	Average Loss So Far: 0.000135
Val Epoch: 2 [1240/1260 (5%)]	Average Loss So Far: 0.000135
Average Validation Epoch Loss:  0.0001343083276149246
Average Threat Score:  0.34045998605470806
Started epoch 3
Train Epoch: 3 [0/2268 (0%)]	Loss: 0.000126
Train Epoch: 3 [20/2268 (0%)]	Loss: 0.000160
Train Epoch: 3 [40/2268 (0%)]	Loss: 0.000152
Train Epoch: 3 [60/2268 (0%)]	Loss: 0.000167
Train Epoch: 3 [80/2268 (0%)]	Loss: 0.000137
Train Epoch: 3 [100/2268 (0%)]	Loss: 0.000106
Train Epoch: 3 [120/2268 (1%)]	Loss: 0.000113
Train Epoch: 3 [140/2268 (1%)]	Loss: 0.000127
Train Epoch: 3 [160/2268 (1%)]	Loss: 0.000132
Train Epoch: 3 [180/2268 (1%)]	Loss: 0.000178
Train Epoch: 3 [200/2268 (1%)]	Loss: 0.000143
Train Epoch: 3 [220/2268 (1%)]	Loss: 0.000230
Train Epoch: 3 [240/2268 (1%)]	Loss: 0.000101
Train Epoch: 3 [260/2268 (1%)]	Loss: 0.000140
Train Epoch: 3 [280/2268 (1%)]	Loss: 0.000169
Train Epoch: 3 [300/2268 (1%)]	Loss: 0.000132
Train Epoch: 3 [320/2268 (1%)]	Loss: 0.000127
Train Epoch: 3 [340/2268 (1%)]	Loss: 0.000141
Train Epoch: 3 [360/2268 (2%)]	Loss: 0.000166
Train Epoch: 3 [380/2268 (2%)]	Loss: 0.000142
Train Epoch: 3 [400/2268 (2%)]	Loss: 0.000150
Train Epoch: 3 [420/2268 (2%)]	Loss: 0.000107
Train Epoch: 3 [440/2268 (2%)]	Loss: 0.000126
Train Epoch: 3 [460/2268 (2%)]	Loss: 0.000130
Train Epoch: 3 [480/2268 (2%)]	Loss: 0.000156
Train Epoch: 3 [500/2268 (2%)]	Loss: 0.000113
Train Epoch: 3 [520/2268 (2%)]	Loss: 0.000282
Train Epoch: 3 [540/2268 (2%)]	Loss: 0.000177
Train Epoch: 3 [560/2268 (2%)]	Loss: 0.000165
Train Epoch: 3 [580/2268 (3%)]	Loss: 0.000087
Train Epoch: 3 [600/2268 (3%)]	Loss: 0.000188
Train Epoch: 3 [620/2268 (3%)]	Loss: 0.000251
Train Epoch: 3 [640/2268 (3%)]	Loss: 0.000214
Train Epoch: 3 [660/2268 (3%)]	Loss: 0.000112
Train Epoch: 3 [680/2268 (3%)]	Loss: 0.000162
Train Epoch: 3 [700/2268 (3%)]	Loss: 0.000178
Train Epoch: 3 [720/2268 (3%)]	Loss: 0.000124
Train Epoch: 3 [740/2268 (3%)]	Loss: 0.000155
Train Epoch: 3 [760/2268 (3%)]	Loss: 0.000094
Train Epoch: 3 [780/2268 (3%)]	Loss: 0.000149
Train Epoch: 3 [800/2268 (4%)]	Loss: 0.000115
Train Epoch: 3 [820/2268 (4%)]	Loss: 0.000246
Train Epoch: 3 [840/2268 (4%)]	Loss: 0.000153
Train Epoch: 3 [860/2268 (4%)]	Loss: 0.000129
Train Epoch: 3 [880/2268 (4%)]	Loss: 0.000153
Train Epoch: 3 [900/2268 (4%)]	Loss: 0.000145
Train Epoch: 3 [920/2268 (4%)]	Loss: 0.000123
Train Epoch: 3 [940/2268 (4%)]	Loss: 0.000086
Train Epoch: 3 [960/2268 (4%)]	Loss: 0.000122
Train Epoch: 3 [980/2268 (4%)]	Loss: 0.000133
Train Epoch: 3 [1000/2268 (4%)]	Loss: 0.000129
Train Epoch: 3 [1020/2268 (4%)]	Loss: 0.000234
Train Epoch: 3 [1040/2268 (5%)]	Loss: 0.000124
Train Epoch: 3 [1060/2268 (5%)]	Loss: 0.000144
Train Epoch: 3 [1080/2268 (5%)]	Loss: 0.000102
Train Epoch: 3 [1100/2268 (5%)]	Loss: 0.000088
Train Epoch: 3 [1120/2268 (5%)]	Loss: 0.000127
Train Epoch: 3 [1140/2268 (5%)]	Loss: 0.000185
Train Epoch: 3 [1160/2268 (5%)]	Loss: 0.000148
Train Epoch: 3 [1180/2268 (5%)]	Loss: 0.000117
Train Epoch: 3 [1200/2268 (5%)]	Loss: 0.000158
Train Epoch: 3 [1220/2268 (5%)]	Loss: 0.000156
Train Epoch: 3 [1240/2268 (5%)]	Loss: 0.000126
Train Epoch: 3 [1260/2268 (6%)]	Loss: 0.000095
Train Epoch: 3 [1280/2268 (6%)]	Loss: 0.000172
Train Epoch: 3 [1300/2268 (6%)]	Loss: 0.000165
Train Epoch: 3 [1320/2268 (6%)]	Loss: 0.000106
Train Epoch: 3 [1340/2268 (6%)]	Loss: 0.000109
Train Epoch: 3 [1360/2268 (6%)]	Loss: 0.000191
Train Epoch: 3 [1380/2268 (6%)]	Loss: 0.000126
Train Epoch: 3 [1400/2268 (6%)]	Loss: 0.000209
Train Epoch: 3 [1420/2268 (6%)]	Loss: 0.000126
Train Epoch: 3 [1440/2268 (6%)]	Loss: 0.000120
Train Epoch: 3 [1460/2268 (6%)]	Loss: 0.000125
Train Epoch: 3 [1480/2268 (7%)]	Loss: 0.000216
Train Epoch: 3 [1500/2268 (7%)]	Loss: 0.000097
Train Epoch: 3 [1520/2268 (7%)]	Loss: 0.000088
Train Epoch: 3 [1540/2268 (7%)]	Loss: 0.000153
Train Epoch: 3 [1560/2268 (7%)]	Loss: 0.000077
Train Epoch: 3 [1580/2268 (7%)]	Loss: 0.000101
Train Epoch: 3 [1600/2268 (7%)]	Loss: 0.000104
Train Epoch: 3 [1620/2268 (7%)]	Loss: 0.000150
Train Epoch: 3 [1640/2268 (7%)]	Loss: 0.000138
Train Epoch: 3 [1660/2268 (7%)]	Loss: 0.000147
Train Epoch: 3 [1680/2268 (7%)]	Loss: 0.000181
Train Epoch: 3 [1700/2268 (7%)]	Loss: 0.000303
Train Epoch: 3 [1720/2268 (8%)]	Loss: 0.000110
Train Epoch: 3 [1740/2268 (8%)]	Loss: 0.000162
Train Epoch: 3 [1760/2268 (8%)]	Loss: 0.000092
Train Epoch: 3 [1780/2268 (8%)]	Loss: 0.000099
Train Epoch: 3 [1800/2268 (8%)]	Loss: 0.000296
Train Epoch: 3 [1820/2268 (8%)]	Loss: 0.000104
Train Epoch: 3 [1840/2268 (8%)]	Loss: 0.000152
Train Epoch: 3 [1860/2268 (8%)]	Loss: 0.000267
Train Epoch: 3 [1880/2268 (8%)]	Loss: 0.000073
Train Epoch: 3 [1900/2268 (8%)]	Loss: 0.000120
Train Epoch: 3 [1920/2268 (8%)]	Loss: 0.000167
Train Epoch: 3 [1940/2268 (9%)]	Loss: 0.000216
Train Epoch: 3 [1960/2268 (9%)]	Loss: 0.000128
Train Epoch: 3 [1980/2268 (9%)]	Loss: 0.000219
Train Epoch: 3 [2000/2268 (9%)]	Loss: 0.000149
Train Epoch: 3 [2020/2268 (9%)]	Loss: 0.000154
Train Epoch: 3 [2040/2268 (9%)]	Loss: 0.000131
Train Epoch: 3 [2060/2268 (9%)]	Loss: 0.000166
Train Epoch: 3 [2080/2268 (9%)]	Loss: 0.000187
Train Epoch: 3 [2100/2268 (9%)]	Loss: 0.000120
Train Epoch: 3 [2120/2268 (9%)]	Loss: 0.000145
Train Epoch: 3 [2140/2268 (9%)]	Loss: 0.000173
Train Epoch: 3 [2160/2268 (10%)]	Loss: 0.000110
Train Epoch: 3 [2180/2268 (10%)]	Loss: 0.000092
Train Epoch: 3 [2200/2268 (10%)]	Loss: 0.000101
Train Epoch: 3 [2220/2268 (10%)]	Loss: 0.000112
Train Epoch: 3 [2240/2268 (10%)]	Loss: 0.000118
Train Epoch: 3 [2260/2268 (10%)]	Loss: 0.000212

Average Train Epoch Loss:  0.00015634793890173187
Started validation
Val Epoch: 3 [0/1260 (0%)]	Average Loss So Far: 0.000099
Val Epoch: 3 [40/1260 (0%)]	Average Loss So Far: 0.000136
Val Epoch: 3 [80/1260 (0%)]	Average Loss So Far: 0.000133
Val Epoch: 3 [120/1260 (0%)]	Average Loss So Far: 0.000136
Val Epoch: 3 [160/1260 (1%)]	Average Loss So Far: 0.000136
Val Epoch: 3 [200/1260 (1%)]	Average Loss So Far: 0.000135
Val Epoch: 3 [240/1260 (1%)]	Average Loss So Far: 0.000137
Val Epoch: 3 [280/1260 (1%)]	Average Loss So Far: 0.000135
Val Epoch: 3 [320/1260 (1%)]	Average Loss So Far: 0.000134
Val Epoch: 3 [360/1260 (1%)]	Average Loss So Far: 0.000133
Val Epoch: 3 [400/1260 (2%)]	Average Loss So Far: 0.000133
Val Epoch: 3 [440/1260 (2%)]	Average Loss So Far: 0.000133
Val Epoch: 3 [480/1260 (2%)]	Average Loss So Far: 0.000133
Val Epoch: 3 [520/1260 (2%)]	Average Loss So Far: 0.000133
Val Epoch: 3 [560/1260 (2%)]	Average Loss So Far: 0.000133
Val Epoch: 3 [600/1260 (2%)]	Average Loss So Far: 0.000133
Val Epoch: 3 [640/1260 (3%)]	Average Loss So Far: 0.000133
Val Epoch: 3 [680/1260 (3%)]	Average Loss So Far: 0.000132
Val Epoch: 3 [720/1260 (3%)]	Average Loss So Far: 0.000133
Val Epoch: 3 [760/1260 (3%)]	Average Loss So Far: 0.000133
Val Epoch: 3 [800/1260 (3%)]	Average Loss So Far: 0.000133
Val Epoch: 3 [840/1260 (3%)]	Average Loss So Far: 0.000133
Val Epoch: 3 [880/1260 (3%)]	Average Loss So Far: 0.000133
Val Epoch: 3 [920/1260 (4%)]	Average Loss So Far: 0.000133
Val Epoch: 3 [960/1260 (4%)]	Average Loss So Far: 0.000133
Val Epoch: 3 [1000/1260 (4%)]	Average Loss So Far: 0.000133
Val Epoch: 3 [1040/1260 (4%)]	Average Loss So Far: 0.000133
Val Epoch: 3 [1080/1260 (4%)]	Average Loss So Far: 0.000133
Val Epoch: 3 [1120/1260 (4%)]	Average Loss So Far: 0.000133
Val Epoch: 3 [1160/1260 (5%)]	Average Loss So Far: 0.000133
Val Epoch: 3 [1200/1260 (5%)]	Average Loss So Far: 0.000133
Val Epoch: 3 [1240/1260 (5%)]	Average Loss So Far: 0.000133
Average Validation Epoch Loss:  0.00013336718847755026
Average Threat Score:  0.34045998682933193
Started epoch 4
Train Epoch: 4 [0/2268 (0%)]	Loss: 0.000112
Train Epoch: 4 [20/2268 (0%)]	Loss: 0.000107
Train Epoch: 4 [40/2268 (0%)]	Loss: 0.000223
Train Epoch: 4 [60/2268 (0%)]	Loss: 0.000088
Train Epoch: 4 [80/2268 (0%)]	Loss: 0.000154
Train Epoch: 4 [100/2268 (0%)]	Loss: 0.000109
Train Epoch: 4 [120/2268 (1%)]	Loss: 0.000103
Train Epoch: 4 [140/2268 (1%)]	Loss: 0.000218
Train Epoch: 4 [160/2268 (1%)]	Loss: 0.000198
Train Epoch: 4 [180/2268 (1%)]	Loss: 0.000129
Train Epoch: 4 [200/2268 (1%)]	Loss: 0.000136
Train Epoch: 4 [220/2268 (1%)]	Loss: 0.000132
Train Epoch: 4 [240/2268 (1%)]	Loss: 0.000262
Train Epoch: 4 [260/2268 (1%)]	Loss: 0.000158
Train Epoch: 4 [280/2268 (1%)]	Loss: 0.000260
Train Epoch: 4 [300/2268 (1%)]	Loss: 0.000110
Train Epoch: 4 [320/2268 (1%)]	Loss: 0.000110
Train Epoch: 4 [340/2268 (1%)]	Loss: 0.000134
Train Epoch: 4 [360/2268 (2%)]	Loss: 0.000171
Train Epoch: 4 [380/2268 (2%)]	Loss: 0.000182
Train Epoch: 4 [400/2268 (2%)]	Loss: 0.000106
Train Epoch: 4 [420/2268 (2%)]	Loss: 0.000169
Train Epoch: 4 [440/2268 (2%)]	Loss: 0.000170
Train Epoch: 4 [460/2268 (2%)]	Loss: 0.000103
Train Epoch: 4 [480/2268 (2%)]	Loss: 0.000200
Train Epoch: 4 [500/2268 (2%)]	Loss: 0.000143
Train Epoch: 4 [520/2268 (2%)]	Loss: 0.000087
Train Epoch: 4 [540/2268 (2%)]	Loss: 0.000301
Train Epoch: 4 [560/2268 (2%)]	Loss: 0.000229
Train Epoch: 4 [580/2268 (3%)]	Loss: 0.000211
Train Epoch: 4 [600/2268 (3%)]	Loss: 0.000191
Train Epoch: 4 [620/2268 (3%)]	Loss: 0.000190
Train Epoch: 4 [640/2268 (3%)]	Loss: 0.000103
Train Epoch: 4 [660/2268 (3%)]	Loss: 0.000141
Train Epoch: 4 [680/2268 (3%)]	Loss: 0.000143
Train Epoch: 4 [700/2268 (3%)]	Loss: 0.000166
Train Epoch: 4 [720/2268 (3%)]	Loss: 0.000142
Train Epoch: 4 [740/2268 (3%)]	Loss: 0.000158
Train Epoch: 4 [760/2268 (3%)]	Loss: 0.000252
Train Epoch: 4 [780/2268 (3%)]	Loss: 0.000149
Train Epoch: 4 [800/2268 (4%)]	Loss: 0.000120
Train Epoch: 4 [820/2268 (4%)]	Loss: 0.000231
Train Epoch: 4 [840/2268 (4%)]	Loss: 0.000121
Train Epoch: 4 [860/2268 (4%)]	Loss: 0.000136
Train Epoch: 4 [880/2268 (4%)]	Loss: 0.000106
Train Epoch: 4 [900/2268 (4%)]	Loss: 0.000137
Train Epoch: 4 [920/2268 (4%)]	Loss: 0.000059
Train Epoch: 4 [940/2268 (4%)]	Loss: 0.000100
Train Epoch: 4 [960/2268 (4%)]	Loss: 0.000155
Train Epoch: 4 [980/2268 (4%)]	Loss: 0.000161
Train Epoch: 4 [1000/2268 (4%)]	Loss: 0.000110
Train Epoch: 4 [1020/2268 (4%)]	Loss: 0.000149
Train Epoch: 4 [1040/2268 (5%)]	Loss: 0.000206
Train Epoch: 4 [1060/2268 (5%)]	Loss: 0.000080
Train Epoch: 4 [1080/2268 (5%)]	Loss: 0.000142
Train Epoch: 4 [1100/2268 (5%)]	Loss: 0.000366
Train Epoch: 4 [1120/2268 (5%)]	Loss: 0.000181
Train Epoch: 4 [1140/2268 (5%)]	Loss: 0.000161
Train Epoch: 4 [1160/2268 (5%)]	Loss: 0.000109
Train Epoch: 4 [1180/2268 (5%)]	Loss: 0.000190
Train Epoch: 4 [1200/2268 (5%)]	Loss: 0.000119
Train Epoch: 4 [1220/2268 (5%)]	Loss: 0.000136
Train Epoch: 4 [1240/2268 (5%)]	Loss: 0.000093
Train Epoch: 4 [1260/2268 (6%)]	Loss: 0.000128
Train Epoch: 4 [1280/2268 (6%)]	Loss: 0.000097
Train Epoch: 4 [1300/2268 (6%)]	Loss: 0.000189
Train Epoch: 4 [1320/2268 (6%)]	Loss: 0.000203
Train Epoch: 4 [1340/2268 (6%)]	Loss: 0.000073
Train Epoch: 4 [1360/2268 (6%)]	Loss: 0.000433
Train Epoch: 4 [1380/2268 (6%)]	Loss: 0.000131
Train Epoch: 4 [1400/2268 (6%)]	Loss: 0.000131
Train Epoch: 4 [1420/2268 (6%)]	Loss: 0.000066
Train Epoch: 4 [1440/2268 (6%)]	Loss: 0.000140
Train Epoch: 4 [1460/2268 (6%)]	Loss: 0.000103
Train Epoch: 4 [1480/2268 (7%)]	Loss: 0.000115
Train Epoch: 4 [1500/2268 (7%)]	Loss: 0.000186
Train Epoch: 4 [1520/2268 (7%)]	Loss: 0.000076
Train Epoch: 4 [1540/2268 (7%)]	Loss: 0.000140
Train Epoch: 4 [1560/2268 (7%)]	Loss: 0.000077
Train Epoch: 4 [1580/2268 (7%)]	Loss: 0.000408
Train Epoch: 4 [1600/2268 (7%)]	Loss: 0.000114
Train Epoch: 4 [1620/2268 (7%)]	Loss: 0.000127
Train Epoch: 4 [1640/2268 (7%)]	Loss: 0.000171
Train Epoch: 4 [1660/2268 (7%)]	Loss: 0.000128
Train Epoch: 4 [1680/2268 (7%)]	Loss: 0.000119
Train Epoch: 4 [1700/2268 (7%)]	Loss: 0.000147
Train Epoch: 4 [1720/2268 (8%)]	Loss: 0.000099
Train Epoch: 4 [1740/2268 (8%)]	Loss: 0.000117
Train Epoch: 4 [1760/2268 (8%)]	Loss: 0.000121
Train Epoch: 4 [1780/2268 (8%)]	Loss: 0.000131
Train Epoch: 4 [1800/2268 (8%)]	Loss: 0.000102
Train Epoch: 4 [1820/2268 (8%)]	Loss: 0.000143
Train Epoch: 4 [1840/2268 (8%)]	Loss: 0.000142
Train Epoch: 4 [1860/2268 (8%)]	Loss: 0.000109
Train Epoch: 4 [1880/2268 (8%)]	Loss: 0.000185
Train Epoch: 4 [1900/2268 (8%)]	Loss: 0.000073
Train Epoch: 4 [1920/2268 (8%)]	Loss: 0.000162
Train Epoch: 4 [1940/2268 (9%)]	Loss: 0.000089
Train Epoch: 4 [1960/2268 (9%)]	Loss: 0.000186
Train Epoch: 4 [1980/2268 (9%)]	Loss: 0.000186
Train Epoch: 4 [2000/2268 (9%)]	Loss: 0.000115
Train Epoch: 4 [2020/2268 (9%)]	Loss: 0.000149
Train Epoch: 4 [2040/2268 (9%)]	Loss: 0.000144
Train Epoch: 4 [2060/2268 (9%)]	Loss: 0.000118
Train Epoch: 4 [2080/2268 (9%)]	Loss: 0.000143
Train Epoch: 4 [2100/2268 (9%)]	Loss: 0.000206
Train Epoch: 4 [2120/2268 (9%)]	Loss: 0.000124
Train Epoch: 4 [2140/2268 (9%)]	Loss: 0.000124
Train Epoch: 4 [2160/2268 (10%)]	Loss: 0.000132
Train Epoch: 4 [2180/2268 (10%)]	Loss: 0.000177
Train Epoch: 4 [2200/2268 (10%)]	Loss: 0.000119
Train Epoch: 4 [2220/2268 (10%)]	Loss: 0.000123
Train Epoch: 4 [2240/2268 (10%)]	Loss: 0.000140
Train Epoch: 4 [2260/2268 (10%)]	Loss: 0.000180

Average Train Epoch Loss:  0.00015466329941321087
Started validation
Val Epoch: 4 [0/1260 (0%)]	Average Loss So Far: 0.000139
Val Epoch: 4 [40/1260 (0%)]	Average Loss So Far: 0.000137
Val Epoch: 4 [80/1260 (0%)]	Average Loss So Far: 0.000136
Val Epoch: 4 [120/1260 (0%)]	Average Loss So Far: 0.000141
Val Epoch: 4 [160/1260 (1%)]	Average Loss So Far: 0.000140
Val Epoch: 4 [200/1260 (1%)]	Average Loss So Far: 0.000141
Val Epoch: 4 [240/1260 (1%)]	Average Loss So Far: 0.000141
Val Epoch: 4 [280/1260 (1%)]	Average Loss So Far: 0.000141
Val Epoch: 4 [320/1260 (1%)]	Average Loss So Far: 0.000140
Val Epoch: 4 [360/1260 (1%)]	Average Loss So Far: 0.000139
Val Epoch: 4 [400/1260 (2%)]	Average Loss So Far: 0.000137
Val Epoch: 4 [440/1260 (2%)]	Average Loss So Far: 0.000137
Val Epoch: 4 [480/1260 (2%)]	Average Loss So Far: 0.000137
Val Epoch: 4 [520/1260 (2%)]	Average Loss So Far: 0.000137
Val Epoch: 4 [560/1260 (2%)]	Average Loss So Far: 0.000136
Val Epoch: 4 [600/1260 (2%)]	Average Loss So Far: 0.000135
Val Epoch: 4 [640/1260 (3%)]	Average Loss So Far: 0.000135
Val Epoch: 4 [680/1260 (3%)]	Average Loss So Far: 0.000135
Val Epoch: 4 [720/1260 (3%)]	Average Loss So Far: 0.000135
Val Epoch: 4 [760/1260 (3%)]	Average Loss So Far: 0.000134
Val Epoch: 4 [800/1260 (3%)]	Average Loss So Far: 0.000135
Val Epoch: 4 [840/1260 (3%)]	Average Loss So Far: 0.000134
Val Epoch: 4 [880/1260 (3%)]	Average Loss So Far: 0.000134
Val Epoch: 4 [920/1260 (4%)]	Average Loss So Far: 0.000134
Val Epoch: 4 [960/1260 (4%)]	Average Loss So Far: 0.000134
Val Epoch: 4 [1000/1260 (4%)]	Average Loss So Far: 0.000134
Val Epoch: 4 [1040/1260 (4%)]	Average Loss So Far: 0.000133
Val Epoch: 4 [1080/1260 (4%)]	Average Loss So Far: 0.000133
Val Epoch: 4 [1120/1260 (4%)]	Average Loss So Far: 0.000134
Val Epoch: 4 [1160/1260 (5%)]	Average Loss So Far: 0.000133
Val Epoch: 4 [1200/1260 (5%)]	Average Loss So Far: 0.000133
Val Epoch: 4 [1240/1260 (5%)]	Average Loss So Far: 0.000134
Average Validation Epoch Loss:  0.00013405449647207261
Average Threat Score:  0.34045998585366066
Started epoch 5
Train Epoch: 5 [0/2268 (0%)]	Loss: 0.000124
Train Epoch: 5 [20/2268 (0%)]	Loss: 0.000237
Train Epoch: 5 [40/2268 (0%)]	Loss: 0.000127
Train Epoch: 5 [60/2268 (0%)]	Loss: 0.000106
Train Epoch: 5 [80/2268 (0%)]	Loss: 0.000125
Train Epoch: 5 [100/2268 (0%)]	Loss: 0.000190
Train Epoch: 5 [120/2268 (1%)]	Loss: 0.000203
Train Epoch: 5 [140/2268 (1%)]	Loss: 0.000127
Train Epoch: 5 [160/2268 (1%)]	Loss: 0.000109
Train Epoch: 5 [180/2268 (1%)]	Loss: 0.000147
Train Epoch: 5 [200/2268 (1%)]	Loss: 0.000098
Train Epoch: 5 [220/2268 (1%)]	Loss: 0.000138
Train Epoch: 5 [240/2268 (1%)]	Loss: 0.000120
Train Epoch: 5 [260/2268 (1%)]	Loss: 0.000132
Train Epoch: 5 [280/2268 (1%)]	Loss: 0.000097
Train Epoch: 5 [300/2268 (1%)]	Loss: 0.000155
Train Epoch: 5 [320/2268 (1%)]	Loss: 0.000106
Train Epoch: 5 [340/2268 (1%)]	Loss: 0.000110
Train Epoch: 5 [360/2268 (2%)]	Loss: 0.000138
Train Epoch: 5 [380/2268 (2%)]	Loss: 0.000163
Train Epoch: 5 [400/2268 (2%)]	Loss: 0.000113
Train Epoch: 5 [420/2268 (2%)]	Loss: 0.000238
Train Epoch: 5 [440/2268 (2%)]	Loss: 0.000119
Train Epoch: 5 [460/2268 (2%)]	Loss: 0.000109
Train Epoch: 5 [480/2268 (2%)]	Loss: 0.000137
Train Epoch: 5 [500/2268 (2%)]	Loss: 0.000094
Train Epoch: 5 [520/2268 (2%)]	Loss: 0.000124
Train Epoch: 5 [540/2268 (2%)]	Loss: 0.000262
Train Epoch: 5 [560/2268 (2%)]	Loss: 0.000146
Train Epoch: 5 [580/2268 (3%)]	Loss: 0.000097
Train Epoch: 5 [600/2268 (3%)]	Loss: 0.000175
Train Epoch: 5 [620/2268 (3%)]	Loss: 0.000108
Train Epoch: 5 [640/2268 (3%)]	Loss: 0.000173
Train Epoch: 5 [660/2268 (3%)]	Loss: 0.000161
Train Epoch: 5 [680/2268 (3%)]	Loss: 0.000165
Train Epoch: 5 [700/2268 (3%)]	Loss: 0.000190
Train Epoch: 5 [720/2268 (3%)]	Loss: 0.000296
Train Epoch: 5 [740/2268 (3%)]	Loss: 0.000077
Train Epoch: 5 [760/2268 (3%)]	Loss: 0.000117
Train Epoch: 5 [780/2268 (3%)]	Loss: 0.000106
Train Epoch: 5 [800/2268 (4%)]	Loss: 0.000095
Train Epoch: 5 [820/2268 (4%)]	Loss: 0.000188
Train Epoch: 5 [840/2268 (4%)]	Loss: 0.000195
Train Epoch: 5 [860/2268 (4%)]	Loss: 0.000135
Train Epoch: 5 [880/2268 (4%)]	Loss: 0.000221
Train Epoch: 5 [900/2268 (4%)]	Loss: 0.000155
Train Epoch: 5 [920/2268 (4%)]	Loss: 0.000113
Train Epoch: 5 [940/2268 (4%)]	Loss: 0.000087
Train Epoch: 5 [960/2268 (4%)]	Loss: 0.000209
Train Epoch: 5 [980/2268 (4%)]	Loss: 0.000120
Train Epoch: 5 [1000/2268 (4%)]	Loss: 0.000121
Train Epoch: 5 [1020/2268 (4%)]	Loss: 0.000336
Train Epoch: 5 [1040/2268 (5%)]	Loss: 0.000117
Train Epoch: 5 [1060/2268 (5%)]	Loss: 0.000123
Train Epoch: 5 [1080/2268 (5%)]	Loss: 0.000156
Train Epoch: 5 [1100/2268 (5%)]	Loss: 0.000121
Train Epoch: 5 [1120/2268 (5%)]	Loss: 0.000084
Train Epoch: 5 [1140/2268 (5%)]	Loss: 0.000185
Train Epoch: 5 [1160/2268 (5%)]	Loss: 0.000133
Train Epoch: 5 [1180/2268 (5%)]	Loss: 0.000166
Train Epoch: 5 [1200/2268 (5%)]	Loss: 0.000105
Train Epoch: 5 [1220/2268 (5%)]	Loss: 0.000170
Train Epoch: 5 [1240/2268 (5%)]	Loss: 0.000134
Train Epoch: 5 [1260/2268 (6%)]	Loss: 0.000180
Train Epoch: 5 [1280/2268 (6%)]	Loss: 0.000166
Train Epoch: 5 [1300/2268 (6%)]	Loss: 0.000170
Train Epoch: 5 [1320/2268 (6%)]	Loss: 0.000101
Train Epoch: 5 [1340/2268 (6%)]	Loss: 0.000181
Train Epoch: 5 [1360/2268 (6%)]	Loss: 0.000155
Train Epoch: 5 [1380/2268 (6%)]	Loss: 0.000128
Train Epoch: 5 [1400/2268 (6%)]	Loss: 0.000153
Train Epoch: 5 [1420/2268 (6%)]	Loss: 0.000264
Train Epoch: 5 [1440/2268 (6%)]	Loss: 0.000118
Train Epoch: 5 [1460/2268 (6%)]	Loss: 0.000124
Train Epoch: 5 [1480/2268 (7%)]	Loss: 0.000133
Train Epoch: 5 [1500/2268 (7%)]	Loss: 0.000129
Train Epoch: 5 [1520/2268 (7%)]	Loss: 0.000134
Train Epoch: 5 [1540/2268 (7%)]	Loss: 0.000141
Train Epoch: 5 [1560/2268 (7%)]	Loss: 0.000163
Train Epoch: 5 [1580/2268 (7%)]	Loss: 0.000080
Train Epoch: 5 [1600/2268 (7%)]	Loss: 0.000116
Train Epoch: 5 [1620/2268 (7%)]	Loss: 0.000122
Train Epoch: 5 [1640/2268 (7%)]	Loss: 0.000147
Train Epoch: 5 [1660/2268 (7%)]	Loss: 0.000472
Train Epoch: 5 [1680/2268 (7%)]	Loss: 0.000123
Train Epoch: 5 [1700/2268 (7%)]	Loss: 0.000119
Train Epoch: 5 [1720/2268 (8%)]	Loss: 0.000123
Train Epoch: 5 [1740/2268 (8%)]	Loss: 0.000235
Train Epoch: 5 [1760/2268 (8%)]	Loss: 0.000121
Train Epoch: 5 [1780/2268 (8%)]	Loss: 0.000128
Train Epoch: 5 [1800/2268 (8%)]	Loss: 0.000332
Train Epoch: 5 [1820/2268 (8%)]	Loss: 0.000188
Train Epoch: 5 [1840/2268 (8%)]	Loss: 0.000237
Train Epoch: 5 [1860/2268 (8%)]	Loss: 0.000290
Train Epoch: 5 [1880/2268 (8%)]	Loss: 0.000118
Train Epoch: 5 [1900/2268 (8%)]	Loss: 0.000149
Train Epoch: 5 [1920/2268 (8%)]	Loss: 0.000093
Train Epoch: 5 [1940/2268 (9%)]	Loss: 0.000135
Train Epoch: 5 [1960/2268 (9%)]	Loss: 0.000147
Train Epoch: 5 [1980/2268 (9%)]	Loss: 0.000156
Train Epoch: 5 [2000/2268 (9%)]	Loss: 0.000120
Train Epoch: 5 [2020/2268 (9%)]	Loss: 0.000106
Train Epoch: 5 [2040/2268 (9%)]	Loss: 0.000188
Train Epoch: 5 [2060/2268 (9%)]	Loss: 0.000098
Train Epoch: 5 [2080/2268 (9%)]	Loss: 0.000076
Train Epoch: 5 [2100/2268 (9%)]	Loss: 0.000071
Train Epoch: 5 [2120/2268 (9%)]	Loss: 0.000131
Train Epoch: 5 [2140/2268 (9%)]	Loss: 0.000157
Train Epoch: 5 [2160/2268 (10%)]	Loss: 0.000126
Train Epoch: 5 [2180/2268 (10%)]	Loss: 0.000182
Train Epoch: 5 [2200/2268 (10%)]	Loss: 0.000173
Train Epoch: 5 [2220/2268 (10%)]	Loss: 0.000112
Train Epoch: 5 [2240/2268 (10%)]	Loss: 0.000121
Train Epoch: 5 [2260/2268 (10%)]	Loss: 0.000164

Average Train Epoch Loss:  0.00015108234992664325
Started validation
Val Epoch: 5 [0/1260 (0%)]	Average Loss So Far: 0.000211
Val Epoch: 5 [40/1260 (0%)]	Average Loss So Far: 0.000137
Val Epoch: 5 [80/1260 (0%)]	Average Loss So Far: 0.000134
Val Epoch: 5 [120/1260 (0%)]	Average Loss So Far: 0.000140
Val Epoch: 5 [160/1260 (1%)]	Average Loss So Far: 0.000137
Val Epoch: 5 [200/1260 (1%)]	Average Loss So Far: 0.000135
Val Epoch: 5 [240/1260 (1%)]	Average Loss So Far: 0.000134
Val Epoch: 5 [280/1260 (1%)]	Average Loss So Far: 0.000134
Val Epoch: 5 [320/1260 (1%)]	Average Loss So Far: 0.000132
Val Epoch: 5 [360/1260 (1%)]	Average Loss So Far: 0.000133
Val Epoch: 5 [400/1260 (2%)]	Average Loss So Far: 0.000131
Val Epoch: 5 [440/1260 (2%)]	Average Loss So Far: 0.000131
Val Epoch: 5 [480/1260 (2%)]	Average Loss So Far: 0.000133
Val Epoch: 5 [520/1260 (2%)]	Average Loss So Far: 0.000135
Val Epoch: 5 [560/1260 (2%)]	Average Loss So Far: 0.000135
Val Epoch: 5 [600/1260 (2%)]	Average Loss So Far: 0.000135
Val Epoch: 5 [640/1260 (3%)]	Average Loss So Far: 0.000136
Val Epoch: 5 [680/1260 (3%)]	Average Loss So Far: 0.000135
Val Epoch: 5 [720/1260 (3%)]	Average Loss So Far: 0.000135
Val Epoch: 5 [760/1260 (3%)]	Average Loss So Far: 0.000135
Val Epoch: 5 [800/1260 (3%)]	Average Loss So Far: 0.000135
Val Epoch: 5 [840/1260 (3%)]	Average Loss So Far: 0.000135
Val Epoch: 5 [880/1260 (3%)]	Average Loss So Far: 0.000135
Val Epoch: 5 [920/1260 (4%)]	Average Loss So Far: 0.000136
Val Epoch: 5 [960/1260 (4%)]	Average Loss So Far: 0.000135
Val Epoch: 5 [1000/1260 (4%)]	Average Loss So Far: 0.000135
Val Epoch: 5 [1040/1260 (4%)]	Average Loss So Far: 0.000135
Val Epoch: 5 [1080/1260 (4%)]	Average Loss So Far: 0.000135
Val Epoch: 5 [1120/1260 (4%)]	Average Loss So Far: 0.000135
Val Epoch: 5 [1160/1260 (5%)]	Average Loss So Far: 0.000134
Val Epoch: 5 [1200/1260 (5%)]	Average Loss So Far: 0.000134
Val Epoch: 5 [1240/1260 (5%)]	Average Loss So Far: 0.000135
Average Validation Epoch Loss:  0.00013445098973370126
Average Threat Score:  0.3410345875909404
Started epoch 6
Train Epoch: 6 [0/2268 (0%)]	Loss: 0.000116
Train Epoch: 6 [20/2268 (0%)]	Loss: 0.000100
Train Epoch: 6 [40/2268 (0%)]	Loss: 0.000130
Train Epoch: 6 [60/2268 (0%)]	Loss: 0.000266
Train Epoch: 6 [80/2268 (0%)]	Loss: 0.000247
Train Epoch: 6 [100/2268 (0%)]	Loss: 0.000122
Train Epoch: 6 [120/2268 (1%)]	Loss: 0.000186
Train Epoch: 6 [140/2268 (1%)]	Loss: 0.000131
Train Epoch: 6 [160/2268 (1%)]	Loss: 0.000143
Train Epoch: 6 [180/2268 (1%)]	Loss: 0.000062
Train Epoch: 6 [200/2268 (1%)]	Loss: 0.000172
Train Epoch: 6 [220/2268 (1%)]	Loss: 0.000146
Train Epoch: 6 [240/2268 (1%)]	Loss: 0.000163
Train Epoch: 6 [260/2268 (1%)]	Loss: 0.000145
Train Epoch: 6 [280/2268 (1%)]	Loss: 0.000150
Train Epoch: 6 [300/2268 (1%)]	Loss: 0.000100
Train Epoch: 6 [320/2268 (1%)]	Loss: 0.000137
Train Epoch: 6 [340/2268 (1%)]	Loss: 0.000168
Train Epoch: 6 [360/2268 (2%)]	Loss: 0.000134
Train Epoch: 6 [380/2268 (2%)]	Loss: 0.000171
Train Epoch: 6 [400/2268 (2%)]	Loss: 0.000087
Train Epoch: 6 [420/2268 (2%)]	Loss: 0.000149
Train Epoch: 6 [440/2268 (2%)]	Loss: 0.000122
Train Epoch: 6 [460/2268 (2%)]	Loss: 0.000141
Train Epoch: 6 [480/2268 (2%)]	Loss: 0.000351
Train Epoch: 6 [500/2268 (2%)]	Loss: 0.000111
Train Epoch: 6 [520/2268 (2%)]	Loss: 0.000233
Train Epoch: 6 [540/2268 (2%)]	Loss: 0.000071
Train Epoch: 6 [560/2268 (2%)]	Loss: 0.000310
Train Epoch: 6 [580/2268 (3%)]	Loss: 0.000182
Train Epoch: 6 [600/2268 (3%)]	Loss: 0.000105
Train Epoch: 6 [620/2268 (3%)]	Loss: 0.000289
Train Epoch: 6 [640/2268 (3%)]	Loss: 0.000098
Train Epoch: 6 [660/2268 (3%)]	Loss: 0.000099
Train Epoch: 6 [680/2268 (3%)]	Loss: 0.000127
Train Epoch: 6 [700/2268 (3%)]	Loss: 0.000114
Train Epoch: 6 [720/2268 (3%)]	Loss: 0.000070
Train Epoch: 6 [740/2268 (3%)]	Loss: 0.000119
Train Epoch: 6 [760/2268 (3%)]	Loss: 0.000089
Train Epoch: 6 [780/2268 (3%)]	Loss: 0.000132
Train Epoch: 6 [800/2268 (4%)]	Loss: 0.000073
Train Epoch: 6 [820/2268 (4%)]	Loss: 0.000136
Train Epoch: 6 [840/2268 (4%)]	Loss: 0.000118
Train Epoch: 6 [860/2268 (4%)]	Loss: 0.000151
Train Epoch: 6 [880/2268 (4%)]	Loss: 0.000142
Train Epoch: 6 [900/2268 (4%)]	Loss: 0.000162
Train Epoch: 6 [920/2268 (4%)]	Loss: 0.000142
Train Epoch: 6 [940/2268 (4%)]	Loss: 0.000262
Train Epoch: 6 [960/2268 (4%)]	Loss: 0.000185
Train Epoch: 6 [980/2268 (4%)]	Loss: 0.000107
Train Epoch: 6 [1000/2268 (4%)]	Loss: 0.000093
Train Epoch: 6 [1020/2268 (4%)]	Loss: 0.000243
Train Epoch: 6 [1040/2268 (5%)]	Loss: 0.000286
Train Epoch: 6 [1060/2268 (5%)]	Loss: 0.000098
Train Epoch: 6 [1080/2268 (5%)]	Loss: 0.000094
Train Epoch: 6 [1100/2268 (5%)]	Loss: 0.000133
Train Epoch: 6 [1120/2268 (5%)]	Loss: 0.000166
Train Epoch: 6 [1140/2268 (5%)]	Loss: 0.000145
Train Epoch: 6 [1160/2268 (5%)]	Loss: 0.000116
Train Epoch: 6 [1180/2268 (5%)]	Loss: 0.000089
Train Epoch: 6 [1200/2268 (5%)]	Loss: 0.000109
Train Epoch: 6 [1220/2268 (5%)]	Loss: 0.000080
Train Epoch: 6 [1240/2268 (5%)]	Loss: 0.000125
Train Epoch: 6 [1260/2268 (6%)]	Loss: 0.000133
Train Epoch: 6 [1280/2268 (6%)]	Loss: 0.000179
Train Epoch: 6 [1300/2268 (6%)]	Loss: 0.000171
Train Epoch: 6 [1320/2268 (6%)]	Loss: 0.000170
Train Epoch: 6 [1340/2268 (6%)]	Loss: 0.000094
Train Epoch: 6 [1360/2268 (6%)]	Loss: 0.000209
Train Epoch: 6 [1380/2268 (6%)]	Loss: 0.000088
Train Epoch: 6 [1400/2268 (6%)]	Loss: 0.000169
Train Epoch: 6 [1420/2268 (6%)]	Loss: 0.000146
Train Epoch: 6 [1440/2268 (6%)]	Loss: 0.000123
Train Epoch: 6 [1460/2268 (6%)]	Loss: 0.000113
Train Epoch: 6 [1480/2268 (7%)]	Loss: 0.000151
Train Epoch: 6 [1500/2268 (7%)]	Loss: 0.000148
Train Epoch: 6 [1520/2268 (7%)]	Loss: 0.000194
Train Epoch: 6 [1540/2268 (7%)]	Loss: 0.000096
Train Epoch: 6 [1560/2268 (7%)]	Loss: 0.000167
Train Epoch: 6 [1580/2268 (7%)]	Loss: 0.000108
Train Epoch: 6 [1600/2268 (7%)]	Loss: 0.000286
Train Epoch: 6 [1620/2268 (7%)]	Loss: 0.000092
Train Epoch: 6 [1640/2268 (7%)]	Loss: 0.000360
Train Epoch: 6 [1660/2268 (7%)]	Loss: 0.000145
Train Epoch: 6 [1680/2268 (7%)]	Loss: 0.000224
Train Epoch: 6 [1700/2268 (7%)]	Loss: 0.000111
Train Epoch: 6 [1720/2268 (8%)]	Loss: 0.000095
Train Epoch: 6 [1740/2268 (8%)]	Loss: 0.000115
Train Epoch: 6 [1760/2268 (8%)]	Loss: 0.000196
Train Epoch: 6 [1780/2268 (8%)]	Loss: 0.000292
Train Epoch: 6 [1800/2268 (8%)]	Loss: 0.000165
Train Epoch: 6 [1820/2268 (8%)]	Loss: 0.000109
Train Epoch: 6 [1840/2268 (8%)]	Loss: 0.000222
Train Epoch: 6 [1860/2268 (8%)]	Loss: 0.000126
Train Epoch: 6 [1880/2268 (8%)]	Loss: 0.000128
Train Epoch: 6 [1900/2268 (8%)]	Loss: 0.000137
Train Epoch: 6 [1920/2268 (8%)]	Loss: 0.000146
Train Epoch: 6 [1940/2268 (9%)]	Loss: 0.000128
Train Epoch: 6 [1960/2268 (9%)]	Loss: 0.000111
Train Epoch: 6 [1980/2268 (9%)]	Loss: 0.000107
Train Epoch: 6 [2000/2268 (9%)]	Loss: 0.000149
Train Epoch: 6 [2020/2268 (9%)]	Loss: 0.000090
Train Epoch: 6 [2040/2268 (9%)]	Loss: 0.000156
Train Epoch: 6 [2060/2268 (9%)]	Loss: 0.000126
Train Epoch: 6 [2080/2268 (9%)]	Loss: 0.000105
Train Epoch: 6 [2100/2268 (9%)]	Loss: 0.000189
Train Epoch: 6 [2120/2268 (9%)]	Loss: 0.000160
Train Epoch: 6 [2140/2268 (9%)]	Loss: 0.000115
Train Epoch: 6 [2160/2268 (10%)]	Loss: 0.000117
Train Epoch: 6 [2180/2268 (10%)]	Loss: 0.000110
Train Epoch: 6 [2200/2268 (10%)]	Loss: 0.000180
Train Epoch: 6 [2220/2268 (10%)]	Loss: 0.000143
Train Epoch: 6 [2240/2268 (10%)]	Loss: 0.000164
Train Epoch: 6 [2260/2268 (10%)]	Loss: 0.000111

Average Train Epoch Loss:  0.00015206369584891118
Started validation
Val Epoch: 6 [0/1260 (0%)]	Average Loss So Far: 0.000134
Val Epoch: 6 [40/1260 (0%)]	Average Loss So Far: 0.000134
Val Epoch: 6 [80/1260 (0%)]	Average Loss So Far: 0.000127
Val Epoch: 6 [120/1260 (0%)]	Average Loss So Far: 0.000126
Val Epoch: 6 [160/1260 (1%)]	Average Loss So Far: 0.000128
Val Epoch: 6 [200/1260 (1%)]	Average Loss So Far: 0.000127
Val Epoch: 6 [240/1260 (1%)]	Average Loss So Far: 0.000128
Val Epoch: 6 [280/1260 (1%)]	Average Loss So Far: 0.000129
Val Epoch: 6 [320/1260 (1%)]	Average Loss So Far: 0.000131
Val Epoch: 6 [360/1260 (1%)]	Average Loss So Far: 0.000131
Val Epoch: 6 [400/1260 (2%)]	Average Loss So Far: 0.000131
Val Epoch: 6 [440/1260 (2%)]	Average Loss So Far: 0.000132
Val Epoch: 6 [480/1260 (2%)]	Average Loss So Far: 0.000132
Val Epoch: 6 [520/1260 (2%)]	Average Loss So Far: 0.000133
Val Epoch: 6 [560/1260 (2%)]	Average Loss So Far: 0.000133
Val Epoch: 6 [600/1260 (2%)]	Average Loss So Far: 0.000134
Val Epoch: 6 [640/1260 (3%)]	Average Loss So Far: 0.000132
Val Epoch: 6 [680/1260 (3%)]	Average Loss So Far: 0.000132
Val Epoch: 6 [720/1260 (3%)]	Average Loss So Far: 0.000133
Val Epoch: 6 [760/1260 (3%)]	Average Loss So Far: 0.000133
Val Epoch: 6 [800/1260 (3%)]	Average Loss So Far: 0.000133
Val Epoch: 6 [840/1260 (3%)]	Average Loss So Far: 0.000133
Val Epoch: 6 [880/1260 (3%)]	Average Loss So Far: 0.000133
Val Epoch: 6 [920/1260 (4%)]	Average Loss So Far: 0.000133
Val Epoch: 6 [960/1260 (4%)]	Average Loss So Far: 0.000132
Val Epoch: 6 [1000/1260 (4%)]	Average Loss So Far: 0.000132
Val Epoch: 6 [1040/1260 (4%)]	Average Loss So Far: 0.000132
Val Epoch: 6 [1080/1260 (4%)]	Average Loss So Far: 0.000132
Val Epoch: 6 [1120/1260 (4%)]	Average Loss So Far: 0.000132
Val Epoch: 6 [1160/1260 (5%)]	Average Loss So Far: 0.000132
Val Epoch: 6 [1200/1260 (5%)]	Average Loss So Far: 0.000132
Val Epoch: 6 [1240/1260 (5%)]	Average Loss So Far: 0.000132
Average Validation Epoch Loss:  0.00013226729315941201
Average Threat Score:  0.34089806465402483
Started epoch 7
Train Epoch: 7 [0/2268 (0%)]	Loss: 0.000190
Train Epoch: 7 [20/2268 (0%)]	Loss: 0.000107
Train Epoch: 7 [40/2268 (0%)]	Loss: 0.000111
Train Epoch: 7 [60/2268 (0%)]	Loss: 0.000147
Train Epoch: 7 [80/2268 (0%)]	Loss: 0.000099
Train Epoch: 7 [100/2268 (0%)]	Loss: 0.000100
Train Epoch: 7 [120/2268 (1%)]	Loss: 0.000098
Train Epoch: 7 [140/2268 (1%)]	Loss: 0.000088
Train Epoch: 7 [160/2268 (1%)]	Loss: 0.000139
Train Epoch: 7 [180/2268 (1%)]	Loss: 0.000141
Train Epoch: 7 [200/2268 (1%)]	Loss: 0.000108
Train Epoch: 7 [220/2268 (1%)]	Loss: 0.000122
Train Epoch: 7 [240/2268 (1%)]	Loss: 0.000094
Train Epoch: 7 [260/2268 (1%)]	Loss: 0.000047
Train Epoch: 7 [280/2268 (1%)]	Loss: 0.000131
Train Epoch: 7 [300/2268 (1%)]	Loss: 0.000123
Train Epoch: 7 [320/2268 (1%)]	Loss: 0.000138
Train Epoch: 7 [340/2268 (1%)]	Loss: 0.000172
Train Epoch: 7 [360/2268 (2%)]	Loss: 0.000154
Train Epoch: 7 [380/2268 (2%)]	Loss: 0.000120
Train Epoch: 7 [400/2268 (2%)]	Loss: 0.000129
Train Epoch: 7 [420/2268 (2%)]	Loss: 0.000097
Train Epoch: 7 [440/2268 (2%)]	Loss: 0.000134
Train Epoch: 7 [460/2268 (2%)]	Loss: 0.000114
Train Epoch: 7 [480/2268 (2%)]	Loss: 0.000233
Train Epoch: 7 [500/2268 (2%)]	Loss: 0.000152
Train Epoch: 7 [520/2268 (2%)]	Loss: 0.000163
Train Epoch: 7 [540/2268 (2%)]	Loss: 0.000159
Train Epoch: 7 [560/2268 (2%)]	Loss: 0.000132
Train Epoch: 7 [580/2268 (3%)]	Loss: 0.000156
Train Epoch: 7 [600/2268 (3%)]	Loss: 0.000089
Train Epoch: 7 [620/2268 (3%)]	Loss: 0.000105
Train Epoch: 7 [640/2268 (3%)]	Loss: 0.000112
Train Epoch: 7 [660/2268 (3%)]	Loss: 0.000098
Train Epoch: 7 [680/2268 (3%)]	Loss: 0.000106
Train Epoch: 7 [700/2268 (3%)]	Loss: 0.000124
Train Epoch: 7 [720/2268 (3%)]	Loss: 0.000222
Train Epoch: 7 [740/2268 (3%)]	Loss: 0.000100
Train Epoch: 7 [760/2268 (3%)]	Loss: 0.000433
Train Epoch: 7 [780/2268 (3%)]	Loss: 0.000172
Train Epoch: 7 [800/2268 (4%)]	Loss: 0.000101
Train Epoch: 7 [820/2268 (4%)]	Loss: 0.000136
Train Epoch: 7 [840/2268 (4%)]	Loss: 0.000100
Train Epoch: 7 [860/2268 (4%)]	Loss: 0.000080
Train Epoch: 7 [880/2268 (4%)]	Loss: 0.000156
Train Epoch: 7 [900/2268 (4%)]	Loss: 0.000119
Train Epoch: 7 [920/2268 (4%)]	Loss: 0.000218
Train Epoch: 7 [940/2268 (4%)]	Loss: 0.000137
Train Epoch: 7 [960/2268 (4%)]	Loss: 0.000222
Train Epoch: 7 [980/2268 (4%)]	Loss: 0.000156
Train Epoch: 7 [1000/2268 (4%)]	Loss: 0.000119
Train Epoch: 7 [1020/2268 (4%)]	Loss: 0.000168
Train Epoch: 7 [1040/2268 (5%)]	Loss: 0.000087
Train Epoch: 7 [1060/2268 (5%)]	Loss: 0.000159
Train Epoch: 7 [1080/2268 (5%)]	Loss: 0.000244
Train Epoch: 7 [1100/2268 (5%)]	Loss: 0.000125
Train Epoch: 7 [1120/2268 (5%)]	Loss: 0.000092
Train Epoch: 7 [1140/2268 (5%)]	Loss: 0.000126
Train Epoch: 7 [1160/2268 (5%)]	Loss: 0.000097
Train Epoch: 7 [1180/2268 (5%)]	Loss: 0.000102
Train Epoch: 7 [1200/2268 (5%)]	Loss: 0.000111
Train Epoch: 7 [1220/2268 (5%)]	Loss: 0.000142
Train Epoch: 7 [1240/2268 (5%)]	Loss: 0.000085
Train Epoch: 7 [1260/2268 (6%)]	Loss: 0.000139
Train Epoch: 7 [1280/2268 (6%)]	Loss: 0.000104
Train Epoch: 7 [1300/2268 (6%)]	Loss: 0.000081
Train Epoch: 7 [1320/2268 (6%)]	Loss: 0.000164
Train Epoch: 7 [1340/2268 (6%)]	Loss: 0.000129
Train Epoch: 7 [1360/2268 (6%)]	Loss: 0.000131
Train Epoch: 7 [1380/2268 (6%)]	Loss: 0.000128
Train Epoch: 7 [1400/2268 (6%)]	Loss: 0.000147
Train Epoch: 7 [1420/2268 (6%)]	Loss: 0.000134
Train Epoch: 7 [1440/2268 (6%)]	Loss: 0.000170
Train Epoch: 7 [1460/2268 (6%)]	Loss: 0.000177
Train Epoch: 7 [1480/2268 (7%)]	Loss: 0.000115
Train Epoch: 7 [1500/2268 (7%)]	Loss: 0.000106
Train Epoch: 7 [1520/2268 (7%)]	Loss: 0.000142
Train Epoch: 7 [1540/2268 (7%)]	Loss: 0.000106
Train Epoch: 7 [1560/2268 (7%)]	Loss: 0.000109
Train Epoch: 7 [1580/2268 (7%)]	Loss: 0.000130
Train Epoch: 7 [1600/2268 (7%)]	Loss: 0.000126
Train Epoch: 7 [1620/2268 (7%)]	Loss: 0.000122
Train Epoch: 7 [1640/2268 (7%)]	Loss: 0.000107
Train Epoch: 7 [1660/2268 (7%)]	Loss: 0.000115
Train Epoch: 7 [1680/2268 (7%)]	Loss: 0.000099
Train Epoch: 7 [1700/2268 (7%)]	Loss: 0.000119
Train Epoch: 7 [1720/2268 (8%)]	Loss: 0.000112
Train Epoch: 7 [1740/2268 (8%)]	Loss: 0.000319
Train Epoch: 7 [1760/2268 (8%)]	Loss: 0.000135
Train Epoch: 7 [1780/2268 (8%)]	Loss: 0.000223
Train Epoch: 7 [1800/2268 (8%)]	Loss: 0.000150
Train Epoch: 7 [1820/2268 (8%)]	Loss: 0.000153
Train Epoch: 7 [1840/2268 (8%)]	Loss: 0.000149
Train Epoch: 7 [1860/2268 (8%)]	Loss: 0.000160
Train Epoch: 7 [1880/2268 (8%)]	Loss: 0.000104
Train Epoch: 7 [1900/2268 (8%)]	Loss: 0.000106
Train Epoch: 7 [1920/2268 (8%)]	Loss: 0.000251
Train Epoch: 7 [1940/2268 (9%)]	Loss: 0.000187
Train Epoch: 7 [1960/2268 (9%)]	Loss: 0.000121
Train Epoch: 7 [1980/2268 (9%)]	Loss: 0.000256
Train Epoch: 7 [2000/2268 (9%)]	Loss: 0.000182
Train Epoch: 7 [2020/2268 (9%)]	Loss: 0.000156
Train Epoch: 7 [2040/2268 (9%)]	Loss: 0.000179
Train Epoch: 7 [2060/2268 (9%)]	Loss: 0.000141
Train Epoch: 7 [2080/2268 (9%)]	Loss: 0.000165
Train Epoch: 7 [2100/2268 (9%)]	Loss: 0.000098
Train Epoch: 7 [2120/2268 (9%)]	Loss: 0.000211
Train Epoch: 7 [2140/2268 (9%)]	Loss: 0.000132
Train Epoch: 7 [2160/2268 (10%)]	Loss: 0.000136
Train Epoch: 7 [2180/2268 (10%)]	Loss: 0.000111
Train Epoch: 7 [2200/2268 (10%)]	Loss: 0.000136
Train Epoch: 7 [2220/2268 (10%)]	Loss: 0.000163
Train Epoch: 7 [2240/2268 (10%)]	Loss: 0.000125
Train Epoch: 7 [2260/2268 (10%)]	Loss: 0.000267

Average Train Epoch Loss:  0.0001518321467233165
Started validation
Val Epoch: 7 [0/1260 (0%)]	Average Loss So Far: 0.000126
Val Epoch: 7 [40/1260 (0%)]	Average Loss So Far: 0.000132
Val Epoch: 7 [80/1260 (0%)]	Average Loss So Far: 0.000128
Val Epoch: 7 [120/1260 (0%)]	Average Loss So Far: 0.000127
Val Epoch: 7 [160/1260 (1%)]	Average Loss So Far: 0.000126
Val Epoch: 7 [200/1260 (1%)]	Average Loss So Far: 0.000129
Val Epoch: 7 [240/1260 (1%)]	Average Loss So Far: 0.000130
Val Epoch: 7 [280/1260 (1%)]	Average Loss So Far: 0.000129
Val Epoch: 7 [320/1260 (1%)]	Average Loss So Far: 0.000130
Val Epoch: 7 [360/1260 (1%)]	Average Loss So Far: 0.000130
Val Epoch: 7 [400/1260 (2%)]	Average Loss So Far: 0.000131
Val Epoch: 7 [440/1260 (2%)]	Average Loss So Far: 0.000130
Val Epoch: 7 [480/1260 (2%)]	Average Loss So Far: 0.000130
Val Epoch: 7 [520/1260 (2%)]	Average Loss So Far: 0.000129
Val Epoch: 7 [560/1260 (2%)]	Average Loss So Far: 0.000130
Val Epoch: 7 [600/1260 (2%)]	Average Loss So Far: 0.000130
Val Epoch: 7 [640/1260 (3%)]	Average Loss So Far: 0.000130
Val Epoch: 7 [680/1260 (3%)]	Average Loss So Far: 0.000131
Val Epoch: 7 [720/1260 (3%)]	Average Loss So Far: 0.000132
Val Epoch: 7 [760/1260 (3%)]	Average Loss So Far: 0.000132
Val Epoch: 7 [800/1260 (3%)]	Average Loss So Far: 0.000132
Val Epoch: 7 [840/1260 (3%)]	Average Loss So Far: 0.000132
Val Epoch: 7 [880/1260 (3%)]	Average Loss So Far: 0.000132
Val Epoch: 7 [920/1260 (4%)]	Average Loss So Far: 0.000132
Val Epoch: 7 [960/1260 (4%)]	Average Loss So Far: 0.000132
Val Epoch: 7 [1000/1260 (4%)]	Average Loss So Far: 0.000132
Val Epoch: 7 [1040/1260 (4%)]	Average Loss So Far: 0.000133
Val Epoch: 7 [1080/1260 (4%)]	Average Loss So Far: 0.000133
Val Epoch: 7 [1120/1260 (4%)]	Average Loss So Far: 0.000133
Val Epoch: 7 [1160/1260 (5%)]	Average Loss So Far: 0.000134
Val Epoch: 7 [1200/1260 (5%)]	Average Loss So Far: 0.000133
Val Epoch: 7 [1240/1260 (5%)]	Average Loss So Far: 0.000133
Average Validation Epoch Loss:  0.00013285322785603953
Average Threat Score:  0.3407783788939317
Started epoch 8
Train Epoch: 8 [0/2268 (0%)]	Loss: 0.000127
Train Epoch: 8 [20/2268 (0%)]	Loss: 0.000083
Train Epoch: 8 [40/2268 (0%)]	Loss: 0.000277
Train Epoch: 8 [60/2268 (0%)]	Loss: 0.000118
Train Epoch: 8 [80/2268 (0%)]	Loss: 0.000091
Train Epoch: 8 [100/2268 (0%)]	Loss: 0.000154
Train Epoch: 8 [120/2268 (1%)]	Loss: 0.000097
Train Epoch: 8 [140/2268 (1%)]	Loss: 0.000160
Train Epoch: 8 [160/2268 (1%)]	Loss: 0.000229
Train Epoch: 8 [180/2268 (1%)]	Loss: 0.000130
Train Epoch: 8 [200/2268 (1%)]	Loss: 0.000148
Train Epoch: 8 [220/2268 (1%)]	Loss: 0.000190
Train Epoch: 8 [240/2268 (1%)]	Loss: 0.000097
Train Epoch: 8 [260/2268 (1%)]	Loss: 0.000140
Train Epoch: 8 [280/2268 (1%)]	Loss: 0.000076
Train Epoch: 8 [300/2268 (1%)]	Loss: 0.000151
Train Epoch: 8 [320/2268 (1%)]	Loss: 0.000130
Train Epoch: 8 [340/2268 (1%)]	Loss: 0.000145
Train Epoch: 8 [360/2268 (2%)]	Loss: 0.000247
Train Epoch: 8 [380/2268 (2%)]	Loss: 0.000084
Train Epoch: 8 [400/2268 (2%)]	Loss: 0.000140
Train Epoch: 8 [420/2268 (2%)]	Loss: 0.000095
Train Epoch: 8 [440/2268 (2%)]	Loss: 0.000124
Train Epoch: 8 [460/2268 (2%)]	Loss: 0.000188
Train Epoch: 8 [480/2268 (2%)]	Loss: 0.000150
Train Epoch: 8 [500/2268 (2%)]	Loss: 0.000173
Train Epoch: 8 [520/2268 (2%)]	Loss: 0.000273
Train Epoch: 8 [540/2268 (2%)]	Loss: 0.000107
Train Epoch: 8 [560/2268 (2%)]	Loss: 0.000103
Train Epoch: 8 [580/2268 (3%)]	Loss: 0.000128
Train Epoch: 8 [600/2268 (3%)]	Loss: 0.000171
Train Epoch: 8 [620/2268 (3%)]	Loss: 0.000169
Train Epoch: 8 [640/2268 (3%)]	Loss: 0.000511
Train Epoch: 8 [660/2268 (3%)]	Loss: 0.000123
Train Epoch: 8 [680/2268 (3%)]	Loss: 0.000053
Train Epoch: 8 [700/2268 (3%)]	Loss: 0.000122
Train Epoch: 8 [720/2268 (3%)]	Loss: 0.000134
Train Epoch: 8 [740/2268 (3%)]	Loss: 0.000100
Train Epoch: 8 [760/2268 (3%)]	Loss: 0.000136
Train Epoch: 8 [780/2268 (3%)]	Loss: 0.000160
Train Epoch: 8 [800/2268 (4%)]	Loss: 0.000151
Train Epoch: 8 [820/2268 (4%)]	Loss: 0.000121
Train Epoch: 8 [840/2268 (4%)]	Loss: 0.000170
Train Epoch: 8 [860/2268 (4%)]	Loss: 0.000202
Train Epoch: 8 [880/2268 (4%)]	Loss: 0.000149
Train Epoch: 8 [900/2268 (4%)]	Loss: 0.000229
Train Epoch: 8 [920/2268 (4%)]	Loss: 0.000103
Train Epoch: 8 [940/2268 (4%)]	Loss: 0.000203
Train Epoch: 8 [960/2268 (4%)]	Loss: 0.000133
Train Epoch: 8 [980/2268 (4%)]	Loss: 0.000108
Train Epoch: 8 [1000/2268 (4%)]	Loss: 0.000108
Train Epoch: 8 [1020/2268 (4%)]	Loss: 0.000106
Train Epoch: 8 [1040/2268 (5%)]	Loss: 0.000162
Train Epoch: 8 [1060/2268 (5%)]	Loss: 0.000165
Train Epoch: 8 [1080/2268 (5%)]	Loss: 0.000115
Train Epoch: 8 [1100/2268 (5%)]	Loss: 0.000081
Train Epoch: 8 [1120/2268 (5%)]	Loss: 0.000187
Train Epoch: 8 [1140/2268 (5%)]	Loss: 0.000114
Train Epoch: 8 [1160/2268 (5%)]	Loss: 0.000121
Train Epoch: 8 [1180/2268 (5%)]	Loss: 0.000644
Train Epoch: 8 [1200/2268 (5%)]	Loss: 0.000194
Train Epoch: 8 [1220/2268 (5%)]	Loss: 0.000142
Train Epoch: 8 [1240/2268 (5%)]	Loss: 0.000122
Train Epoch: 8 [1260/2268 (6%)]	Loss: 0.000128
Train Epoch: 8 [1280/2268 (6%)]	Loss: 0.000112
Train Epoch: 8 [1300/2268 (6%)]	Loss: 0.000099
Train Epoch: 8 [1320/2268 (6%)]	Loss: 0.000212
Train Epoch: 8 [1340/2268 (6%)]	Loss: 0.000131
Train Epoch: 8 [1360/2268 (6%)]	Loss: 0.000139
Train Epoch: 8 [1380/2268 (6%)]	Loss: 0.000111
Train Epoch: 8 [1400/2268 (6%)]	Loss: 0.000086
Train Epoch: 8 [1420/2268 (6%)]	Loss: 0.000134
Train Epoch: 8 [1440/2268 (6%)]	Loss: 0.000103
Train Epoch: 8 [1460/2268 (6%)]	Loss: 0.000107
Train Epoch: 8 [1480/2268 (7%)]	Loss: 0.000155
Train Epoch: 8 [1500/2268 (7%)]	Loss: 0.000127
Train Epoch: 8 [1520/2268 (7%)]	Loss: 0.000205
Train Epoch: 8 [1540/2268 (7%)]	Loss: 0.000160
Train Epoch: 8 [1560/2268 (7%)]	Loss: 0.000129
Train Epoch: 8 [1580/2268 (7%)]	Loss: 0.000188
Train Epoch: 8 [1600/2268 (7%)]	Loss: 0.000175
Train Epoch: 8 [1620/2268 (7%)]	Loss: 0.000104
Train Epoch: 8 [1640/2268 (7%)]	Loss: 0.000172
Train Epoch: 8 [1660/2268 (7%)]	Loss: 0.000098
Train Epoch: 8 [1680/2268 (7%)]	Loss: 0.000175
Train Epoch: 8 [1700/2268 (7%)]	Loss: 0.000085
Train Epoch: 8 [1720/2268 (8%)]	Loss: 0.000189
Train Epoch: 8 [1740/2268 (8%)]	Loss: 0.000148
Train Epoch: 8 [1760/2268 (8%)]	Loss: 0.000128
Train Epoch: 8 [1780/2268 (8%)]	Loss: 0.000152
Train Epoch: 8 [1800/2268 (8%)]	Loss: 0.000092
Train Epoch: 8 [1820/2268 (8%)]	Loss: 0.000122
Train Epoch: 8 [1840/2268 (8%)]	Loss: 0.000198
Train Epoch: 8 [1860/2268 (8%)]	Loss: 0.000156
Train Epoch: 8 [1880/2268 (8%)]	Loss: 0.000083
Train Epoch: 8 [1900/2268 (8%)]	Loss: 0.000110
Train Epoch: 8 [1920/2268 (8%)]	Loss: 0.000106
Train Epoch: 8 [1940/2268 (9%)]	Loss: 0.000136
Train Epoch: 8 [1960/2268 (9%)]	Loss: 0.000190
Train Epoch: 8 [1980/2268 (9%)]	Loss: 0.000134
Train Epoch: 8 [2000/2268 (9%)]	Loss: 0.000084
Train Epoch: 8 [2020/2268 (9%)]	Loss: 0.000188
Train Epoch: 8 [2040/2268 (9%)]	Loss: 0.000186
Train Epoch: 8 [2060/2268 (9%)]	Loss: 0.000086
Train Epoch: 8 [2080/2268 (9%)]	Loss: 0.000138
Train Epoch: 8 [2100/2268 (9%)]	Loss: 0.000292
Train Epoch: 8 [2120/2268 (9%)]	Loss: 0.000137
Train Epoch: 8 [2140/2268 (9%)]	Loss: 0.000202
Train Epoch: 8 [2160/2268 (10%)]	Loss: 0.000163
Train Epoch: 8 [2180/2268 (10%)]	Loss: 0.000217
Train Epoch: 8 [2200/2268 (10%)]	Loss: 0.000113
Train Epoch: 8 [2220/2268 (10%)]	Loss: 0.000140
Train Epoch: 8 [2240/2268 (10%)]	Loss: 0.000152
Train Epoch: 8 [2260/2268 (10%)]	Loss: 0.000098

Average Train Epoch Loss:  0.0001531680875540004
Started validation
Val Epoch: 8 [0/1260 (0%)]	Average Loss So Far: 0.000181
Val Epoch: 8 [40/1260 (0%)]	Average Loss So Far: 0.000134
Val Epoch: 8 [80/1260 (0%)]	Average Loss So Far: 0.000136
Val Epoch: 8 [120/1260 (0%)]	Average Loss So Far: 0.000134
Val Epoch: 8 [160/1260 (1%)]	Average Loss So Far: 0.000133
Val Epoch: 8 [200/1260 (1%)]	Average Loss So Far: 0.000134
Val Epoch: 8 [240/1260 (1%)]	Average Loss So Far: 0.000136
Val Epoch: 8 [280/1260 (1%)]	Average Loss So Far: 0.000136
Val Epoch: 8 [320/1260 (1%)]	Average Loss So Far: 0.000136
Val Epoch: 8 [360/1260 (1%)]	Average Loss So Far: 0.000134
Val Epoch: 8 [400/1260 (2%)]	Average Loss So Far: 0.000135
Val Epoch: 8 [440/1260 (2%)]	Average Loss So Far: 0.000136
Val Epoch: 8 [480/1260 (2%)]	Average Loss So Far: 0.000136
Val Epoch: 8 [520/1260 (2%)]	Average Loss So Far: 0.000135
Val Epoch: 8 [560/1260 (2%)]	Average Loss So Far: 0.000134
Val Epoch: 8 [600/1260 (2%)]	Average Loss So Far: 0.000136
Val Epoch: 8 [640/1260 (3%)]	Average Loss So Far: 0.000135
Val Epoch: 8 [680/1260 (3%)]	Average Loss So Far: 0.000134
Val Epoch: 8 [720/1260 (3%)]	Average Loss So Far: 0.000134
Val Epoch: 8 [760/1260 (3%)]	Average Loss So Far: 0.000133
Val Epoch: 8 [800/1260 (3%)]	Average Loss So Far: 0.000134
Val Epoch: 8 [840/1260 (3%)]	Average Loss So Far: 0.000134
Val Epoch: 8 [880/1260 (3%)]	Average Loss So Far: 0.000135
Val Epoch: 8 [920/1260 (4%)]	Average Loss So Far: 0.000134
Val Epoch: 8 [960/1260 (4%)]	Average Loss So Far: 0.000134
Val Epoch: 8 [1000/1260 (4%)]	Average Loss So Far: 0.000134
Val Epoch: 8 [1040/1260 (4%)]	Average Loss So Far: 0.000134
Val Epoch: 8 [1080/1260 (4%)]	Average Loss So Far: 0.000134
Val Epoch: 8 [1120/1260 (4%)]	Average Loss So Far: 0.000134
Val Epoch: 8 [1160/1260 (5%)]	Average Loss So Far: 0.000134
Val Epoch: 8 [1200/1260 (5%)]	Average Loss So Far: 0.000134
Val Epoch: 8 [1240/1260 (5%)]	Average Loss So Far: 0.000134
Average Validation Epoch Loss:  0.00013392959539990069
Average Threat Score:  0.34045998716638204
Started epoch 9
Train Epoch: 9 [0/2268 (0%)]	Loss: 0.000136
Train Epoch: 9 [20/2268 (0%)]	Loss: 0.000126
Train Epoch: 9 [40/2268 (0%)]	Loss: 0.000214
Train Epoch: 9 [60/2268 (0%)]	Loss: 0.000089
Train Epoch: 9 [80/2268 (0%)]	Loss: 0.000124
Train Epoch: 9 [100/2268 (0%)]	Loss: 0.000113
Train Epoch: 9 [120/2268 (1%)]	Loss: 0.000164
Train Epoch: 9 [140/2268 (1%)]	Loss: 0.000081
Train Epoch: 9 [160/2268 (1%)]	Loss: 0.000126
Train Epoch: 9 [180/2268 (1%)]	Loss: 0.000144
Train Epoch: 9 [200/2268 (1%)]	Loss: 0.000126
Train Epoch: 9 [220/2268 (1%)]	Loss: 0.000097
Train Epoch: 9 [240/2268 (1%)]	Loss: 0.000121
Train Epoch: 9 [260/2268 (1%)]	Loss: 0.000141
Train Epoch: 9 [280/2268 (1%)]	Loss: 0.000166
Train Epoch: 9 [300/2268 (1%)]	Loss: 0.000084
Train Epoch: 9 [320/2268 (1%)]	Loss: 0.000129
Train Epoch: 9 [340/2268 (1%)]	Loss: 0.000217
Train Epoch: 9 [360/2268 (2%)]	Loss: 0.000144
Train Epoch: 9 [380/2268 (2%)]	Loss: 0.000098
Train Epoch: 9 [400/2268 (2%)]	Loss: 0.000157
Train Epoch: 9 [420/2268 (2%)]	Loss: 0.000078
Train Epoch: 9 [440/2268 (2%)]	Loss: 0.000157
Train Epoch: 9 [460/2268 (2%)]	Loss: 0.000087
Train Epoch: 9 [480/2268 (2%)]	Loss: 0.000121
Train Epoch: 9 [500/2268 (2%)]	Loss: 0.000161
Train Epoch: 9 [520/2268 (2%)]	Loss: 0.000114
Train Epoch: 9 [540/2268 (2%)]	Loss: 0.000256
Train Epoch: 9 [560/2268 (2%)]	Loss: 0.000240
Train Epoch: 9 [580/2268 (3%)]	Loss: 0.000102
Train Epoch: 9 [600/2268 (3%)]	Loss: 0.000083
Train Epoch: 9 [620/2268 (3%)]	Loss: 0.000147
Train Epoch: 9 [640/2268 (3%)]	Loss: 0.000137
Train Epoch: 9 [660/2268 (3%)]	Loss: 0.000141
Train Epoch: 9 [680/2268 (3%)]	Loss: 0.000115
Train Epoch: 9 [700/2268 (3%)]	Loss: 0.000200
Train Epoch: 9 [720/2268 (3%)]	Loss: 0.000094
Train Epoch: 9 [740/2268 (3%)]	Loss: 0.000129
Train Epoch: 9 [760/2268 (3%)]	Loss: 0.000211
Train Epoch: 9 [780/2268 (3%)]	Loss: 0.000134
Train Epoch: 9 [800/2268 (4%)]	Loss: 0.000109
Train Epoch: 9 [820/2268 (4%)]	Loss: 0.000177
Train Epoch: 9 [840/2268 (4%)]	Loss: 0.001648
Train Epoch: 9 [860/2268 (4%)]	Loss: 0.000262
Train Epoch: 9 [880/2268 (4%)]	Loss: 0.000143
Train Epoch: 9 [900/2268 (4%)]	Loss: 0.000683
Train Epoch: 9 [920/2268 (4%)]	Loss: 0.000130
Train Epoch: 9 [940/2268 (4%)]	Loss: 0.000139
Train Epoch: 9 [960/2268 (4%)]	Loss: 0.000145
Train Epoch: 9 [980/2268 (4%)]	Loss: 0.000184
Train Epoch: 9 [1000/2268 (4%)]	Loss: 0.000111
Train Epoch: 9 [1020/2268 (4%)]	Loss: 0.000164
Train Epoch: 9 [1040/2268 (5%)]	Loss: 0.000189
Train Epoch: 9 [1060/2268 (5%)]	Loss: 0.000146
Train Epoch: 9 [1080/2268 (5%)]	Loss: 0.000120
Train Epoch: 9 [1100/2268 (5%)]	Loss: 0.000086
Train Epoch: 9 [1120/2268 (5%)]	Loss: 0.000125
Train Epoch: 9 [1140/2268 (5%)]	Loss: 0.000157
Train Epoch: 9 [1160/2268 (5%)]	Loss: 0.000117
Train Epoch: 9 [1180/2268 (5%)]	Loss: 0.000184
Train Epoch: 9 [1200/2268 (5%)]	Loss: 0.000119
Train Epoch: 9 [1220/2268 (5%)]	Loss: 0.000060
Train Epoch: 9 [1240/2268 (5%)]	Loss: 0.000133
Train Epoch: 9 [1260/2268 (6%)]	Loss: 0.000149
Train Epoch: 9 [1280/2268 (6%)]	Loss: 0.000291
Train Epoch: 9 [1300/2268 (6%)]	Loss: 0.000149
Train Epoch: 9 [1320/2268 (6%)]	Loss: 0.000175
Train Epoch: 9 [1340/2268 (6%)]	Loss: 0.000109
Train Epoch: 9 [1360/2268 (6%)]	Loss: 0.000103
Train Epoch: 9 [1380/2268 (6%)]	Loss: 0.000241
Train Epoch: 9 [1400/2268 (6%)]	Loss: 0.000107
Train Epoch: 9 [1420/2268 (6%)]	Loss: 0.000089
Train Epoch: 9 [1440/2268 (6%)]	Loss: 0.000166
Train Epoch: 9 [1460/2268 (6%)]	Loss: 0.000210
Train Epoch: 9 [1480/2268 (7%)]	Loss: 0.000190
Train Epoch: 9 [1500/2268 (7%)]	Loss: 0.000152
Train Epoch: 9 [1520/2268 (7%)]	Loss: 0.000226
Train Epoch: 9 [1540/2268 (7%)]	Loss: 0.000116
Train Epoch: 9 [1560/2268 (7%)]	Loss: 0.000129
Train Epoch: 9 [1580/2268 (7%)]	Loss: 0.000228
Train Epoch: 9 [1600/2268 (7%)]	Loss: 0.000120
Train Epoch: 9 [1620/2268 (7%)]	Loss: 0.000231
Train Epoch: 9 [1640/2268 (7%)]	Loss: 0.000154
Train Epoch: 9 [1660/2268 (7%)]	Loss: 0.000776
Train Epoch: 9 [1680/2268 (7%)]	Loss: 0.000196
Train Epoch: 9 [1700/2268 (7%)]	Loss: 0.000184
Train Epoch: 9 [1720/2268 (8%)]	Loss: 0.000239
Train Epoch: 9 [1740/2268 (8%)]	Loss: 0.000172
Train Epoch: 9 [1760/2268 (8%)]	Loss: 0.000144
Train Epoch: 9 [1780/2268 (8%)]	Loss: 0.000095
Train Epoch: 9 [1800/2268 (8%)]	Loss: 0.000090
Train Epoch: 9 [1820/2268 (8%)]	Loss: 0.000112
Train Epoch: 9 [1840/2268 (8%)]	Loss: 0.000145
Train Epoch: 9 [1860/2268 (8%)]	Loss: 0.000098
Train Epoch: 9 [1880/2268 (8%)]	Loss: 0.000101
Train Epoch: 9 [1900/2268 (8%)]	Loss: 0.000485
Train Epoch: 9 [1920/2268 (8%)]	Loss: 0.000085
Train Epoch: 9 [1940/2268 (9%)]	Loss: 0.000101
Train Epoch: 9 [1960/2268 (9%)]	Loss: 0.000174
Train Epoch: 9 [1980/2268 (9%)]	Loss: 0.000163
Train Epoch: 9 [2000/2268 (9%)]	Loss: 0.000225
Train Epoch: 9 [2020/2268 (9%)]	Loss: 0.000158
Train Epoch: 9 [2040/2268 (9%)]	Loss: 0.000155
Train Epoch: 9 [2060/2268 (9%)]	Loss: 0.000140
Train Epoch: 9 [2080/2268 (9%)]	Loss: 0.000125
Train Epoch: 9 [2100/2268 (9%)]	Loss: 0.000148
Train Epoch: 9 [2120/2268 (9%)]	Loss: 0.000162
Train Epoch: 9 [2140/2268 (9%)]	Loss: 0.000148
Train Epoch: 9 [2160/2268 (10%)]	Loss: 0.000180
Train Epoch: 9 [2180/2268 (10%)]	Loss: 0.000077
Train Epoch: 9 [2200/2268 (10%)]	Loss: 0.000111
Train Epoch: 9 [2220/2268 (10%)]	Loss: 0.000123
Train Epoch: 9 [2240/2268 (10%)]	Loss: 0.000129
Train Epoch: 9 [2260/2268 (10%)]	Loss: 0.000122

Average Train Epoch Loss:  0.00016586870712312801
Started validation
Val Epoch: 9 [0/1260 (0%)]	Average Loss So Far: 0.000126
Val Epoch: 9 [40/1260 (0%)]	Average Loss So Far: 0.000139
Val Epoch: 9 [80/1260 (0%)]	Average Loss So Far: 0.000129
Val Epoch: 9 [120/1260 (0%)]	Average Loss So Far: 0.000135
Val Epoch: 9 [160/1260 (1%)]	Average Loss So Far: 0.000130
Val Epoch: 9 [200/1260 (1%)]	Average Loss So Far: 0.000129
Val Epoch: 9 [240/1260 (1%)]	Average Loss So Far: 0.000131
Val Epoch: 9 [280/1260 (1%)]	Average Loss So Far: 0.000131
Val Epoch: 9 [320/1260 (1%)]	Average Loss So Far: 0.000131
Val Epoch: 9 [360/1260 (1%)]	Average Loss So Far: 0.000134
Val Epoch: 9 [400/1260 (2%)]	Average Loss So Far: 0.000135
Val Epoch: 9 [440/1260 (2%)]	Average Loss So Far: 0.000134
Val Epoch: 9 [480/1260 (2%)]	Average Loss So Far: 0.000134
Val Epoch: 9 [520/1260 (2%)]	Average Loss So Far: 0.000134
Val Epoch: 9 [560/1260 (2%)]	Average Loss So Far: 0.000133
Val Epoch: 9 [600/1260 (2%)]	Average Loss So Far: 0.000133
Val Epoch: 9 [640/1260 (3%)]	Average Loss So Far: 0.000133
Val Epoch: 9 [680/1260 (3%)]	Average Loss So Far: 0.000133
Val Epoch: 9 [720/1260 (3%)]	Average Loss So Far: 0.000133
Val Epoch: 9 [760/1260 (3%)]	Average Loss So Far: 0.000133
Val Epoch: 9 [800/1260 (3%)]	Average Loss So Far: 0.000133
Val Epoch: 9 [840/1260 (3%)]	Average Loss So Far: 0.000133
Val Epoch: 9 [880/1260 (3%)]	Average Loss So Far: 0.000133
Val Epoch: 9 [920/1260 (4%)]	Average Loss So Far: 0.000133
Val Epoch: 9 [960/1260 (4%)]	Average Loss So Far: 0.000133
Val Epoch: 9 [1000/1260 (4%)]	Average Loss So Far: 0.000133
Val Epoch: 9 [1040/1260 (4%)]	Average Loss So Far: 0.000133
Val Epoch: 9 [1080/1260 (4%)]	Average Loss So Far: 0.000134
Val Epoch: 9 [1120/1260 (4%)]	Average Loss So Far: 0.000134
Val Epoch: 9 [1160/1260 (5%)]	Average Loss So Far: 0.000133
Val Epoch: 9 [1200/1260 (5%)]	Average Loss So Far: 0.000133
Val Epoch: 9 [1240/1260 (5%)]	Average Loss So Far: 0.000133
Average Validation Epoch Loss:  0.00013303050875197996
Average Threat Score:  0.3404599863267134
Started epoch 10
Train Epoch: 10 [0/2268 (0%)]	Loss: 0.000099
Train Epoch: 10 [20/2268 (0%)]	Loss: 0.000109
Train Epoch: 10 [40/2268 (0%)]	Loss: 0.000077
Train Epoch: 10 [60/2268 (0%)]	Loss: 0.000306
Train Epoch: 10 [80/2268 (0%)]	Loss: 0.000138
Train Epoch: 10 [100/2268 (0%)]	Loss: 0.000127
Train Epoch: 10 [120/2268 (1%)]	Loss: 0.000122
Train Epoch: 10 [140/2268 (1%)]	Loss: 0.000105
Train Epoch: 10 [160/2268 (1%)]	Loss: 0.000143
Train Epoch: 10 [180/2268 (1%)]	Loss: 0.000109
Train Epoch: 10 [200/2268 (1%)]	Loss: 0.000156
Train Epoch: 10 [220/2268 (1%)]	Loss: 0.000115
Train Epoch: 10 [240/2268 (1%)]	Loss: 0.000217
Train Epoch: 10 [260/2268 (1%)]	Loss: 0.000138
Train Epoch: 10 [280/2268 (1%)]	Loss: 0.000101
Train Epoch: 10 [300/2268 (1%)]	Loss: 0.000182
Train Epoch: 10 [320/2268 (1%)]	Loss: 0.000169
Train Epoch: 10 [340/2268 (1%)]	Loss: 0.000091
Train Epoch: 10 [360/2268 (2%)]	Loss: 0.000178
Train Epoch: 10 [380/2268 (2%)]	Loss: 0.000182
Train Epoch: 10 [400/2268 (2%)]	Loss: 0.000137
Train Epoch: 10 [420/2268 (2%)]	Loss: 0.000124
Train Epoch: 10 [440/2268 (2%)]	Loss: 0.000146
Train Epoch: 10 [460/2268 (2%)]	Loss: 0.000112
Train Epoch: 10 [480/2268 (2%)]	Loss: 0.000123
Train Epoch: 10 [500/2268 (2%)]	Loss: 0.000110
Train Epoch: 10 [520/2268 (2%)]	Loss: 0.000077
Train Epoch: 10 [540/2268 (2%)]	Loss: 0.000097
Train Epoch: 10 [560/2268 (2%)]	Loss: 0.000092
Train Epoch: 10 [580/2268 (3%)]	Loss: 0.000146
Train Epoch: 10 [600/2268 (3%)]	Loss: 0.000149
Train Epoch: 10 [620/2268 (3%)]	Loss: 0.000163
Train Epoch: 10 [640/2268 (3%)]	Loss: 0.000128
Train Epoch: 10 [660/2268 (3%)]	Loss: 0.000074
Train Epoch: 10 [680/2268 (3%)]	Loss: 0.000200
Train Epoch: 10 [700/2268 (3%)]	Loss: 0.000097
Train Epoch: 10 [720/2268 (3%)]	Loss: 0.000162
Train Epoch: 10 [740/2268 (3%)]	Loss: 0.000208
Train Epoch: 10 [760/2268 (3%)]	Loss: 0.000169
Train Epoch: 10 [780/2268 (3%)]	Loss: 0.000138
Train Epoch: 10 [800/2268 (4%)]	Loss: 0.000248
Train Epoch: 10 [820/2268 (4%)]	Loss: 0.000188
Train Epoch: 10 [840/2268 (4%)]	Loss: 0.000178
Train Epoch: 10 [860/2268 (4%)]	Loss: 0.000127
Train Epoch: 10 [880/2268 (4%)]	Loss: 0.000119
Train Epoch: 10 [900/2268 (4%)]	Loss: 0.000152
Train Epoch: 10 [920/2268 (4%)]	Loss: 0.000183
Train Epoch: 10 [940/2268 (4%)]	Loss: 0.000114
Train Epoch: 10 [960/2268 (4%)]	Loss: 0.000227
Train Epoch: 10 [980/2268 (4%)]	Loss: 0.000176
Train Epoch: 10 [1000/2268 (4%)]	Loss: 0.000122
Train Epoch: 10 [1020/2268 (4%)]	Loss: 0.000115
Train Epoch: 10 [1040/2268 (5%)]	Loss: 0.000105
Train Epoch: 10 [1060/2268 (5%)]	Loss: 0.000067
Train Epoch: 10 [1080/2268 (5%)]	Loss: 0.000167
Train Epoch: 10 [1100/2268 (5%)]	Loss: 0.000175
Train Epoch: 10 [1120/2268 (5%)]	Loss: 0.000186
Train Epoch: 10 [1140/2268 (5%)]	Loss: 0.000138
Train Epoch: 10 [1160/2268 (5%)]	Loss: 0.000300
Train Epoch: 10 [1180/2268 (5%)]	Loss: 0.000135
Train Epoch: 10 [1200/2268 (5%)]	Loss: 0.000160
Train Epoch: 10 [1220/2268 (5%)]	Loss: 0.000172
Train Epoch: 10 [1240/2268 (5%)]	Loss: 0.000141
Train Epoch: 10 [1260/2268 (6%)]	Loss: 0.000145
Train Epoch: 10 [1280/2268 (6%)]	Loss: 0.000091
Train Epoch: 10 [1300/2268 (6%)]	Loss: 0.000112
Train Epoch: 10 [1320/2268 (6%)]	Loss: 0.000127
Train Epoch: 10 [1340/2268 (6%)]	Loss: 0.000157
Train Epoch: 10 [1360/2268 (6%)]	Loss: 0.000180
Train Epoch: 10 [1380/2268 (6%)]	Loss: 0.000125
Train Epoch: 10 [1400/2268 (6%)]	Loss: 0.000136
Train Epoch: 10 [1420/2268 (6%)]	Loss: 0.000105
Train Epoch: 10 [1440/2268 (6%)]	Loss: 0.000141
Train Epoch: 10 [1460/2268 (6%)]	Loss: 0.000137
Train Epoch: 10 [1480/2268 (7%)]	Loss: 0.000108
Train Epoch: 10 [1500/2268 (7%)]	Loss: 0.000177
Train Epoch: 10 [1520/2268 (7%)]	Loss: 0.000134
Train Epoch: 10 [1540/2268 (7%)]	Loss: 0.000310
Train Epoch: 10 [1560/2268 (7%)]	Loss: 0.000171
Train Epoch: 10 [1580/2268 (7%)]	Loss: 0.000169
Train Epoch: 10 [1600/2268 (7%)]	Loss: 0.000264
Train Epoch: 10 [1620/2268 (7%)]	Loss: 0.000227
Train Epoch: 10 [1640/2268 (7%)]	Loss: 0.000070
Train Epoch: 10 [1660/2268 (7%)]	Loss: 0.000173
Train Epoch: 10 [1680/2268 (7%)]	Loss: 0.000211
Train Epoch: 10 [1700/2268 (7%)]	Loss: 0.000121
Train Epoch: 10 [1720/2268 (8%)]	Loss: 0.000187
Train Epoch: 10 [1740/2268 (8%)]	Loss: 0.000146
Train Epoch: 10 [1760/2268 (8%)]	Loss: 0.000263
Train Epoch: 10 [1780/2268 (8%)]	Loss: 0.000126
Train Epoch: 10 [1800/2268 (8%)]	Loss: 0.000265
Train Epoch: 10 [1820/2268 (8%)]	Loss: 0.000128
Train Epoch: 10 [1840/2268 (8%)]	Loss: 0.000176
Train Epoch: 10 [1860/2268 (8%)]	Loss: 0.000086
Train Epoch: 10 [1880/2268 (8%)]	Loss: 0.000138
Train Epoch: 10 [1900/2268 (8%)]	Loss: 0.000118
Train Epoch: 10 [1920/2268 (8%)]	Loss: 0.000137
Train Epoch: 10 [1940/2268 (9%)]	Loss: 0.000098
Train Epoch: 10 [1960/2268 (9%)]	Loss: 0.000138
Train Epoch: 10 [1980/2268 (9%)]	Loss: 0.000220
Train Epoch: 10 [2000/2268 (9%)]	Loss: 0.000120
Train Epoch: 10 [2020/2268 (9%)]	Loss: 0.000131
Train Epoch: 10 [2040/2268 (9%)]	Loss: 0.000108
Train Epoch: 10 [2060/2268 (9%)]	Loss: 0.000175
Train Epoch: 10 [2080/2268 (9%)]	Loss: 0.000133
Train Epoch: 10 [2100/2268 (9%)]	Loss: 0.000127
Train Epoch: 10 [2120/2268 (9%)]	Loss: 0.000139
Train Epoch: 10 [2140/2268 (9%)]	Loss: 0.000157
Train Epoch: 10 [2160/2268 (10%)]	Loss: 0.000095
Train Epoch: 10 [2180/2268 (10%)]	Loss: 0.000123
Train Epoch: 10 [2200/2268 (10%)]	Loss: 0.000175
Train Epoch: 10 [2220/2268 (10%)]	Loss: 0.000133
Train Epoch: 10 [2240/2268 (10%)]	Loss: 0.000110
Train Epoch: 10 [2260/2268 (10%)]	Loss: 0.000196

Average Train Epoch Loss:  0.0001513404719399972
Started validation
Val Epoch: 10 [0/1260 (0%)]	Average Loss So Far: 0.000130
Val Epoch: 10 [40/1260 (0%)]	Average Loss So Far: 0.000128
Val Epoch: 10 [80/1260 (0%)]	Average Loss So Far: 0.000130
Val Epoch: 10 [120/1260 (0%)]	Average Loss So Far: 0.000131
Val Epoch: 10 [160/1260 (1%)]	Average Loss So Far: 0.000131
Val Epoch: 10 [200/1260 (1%)]	Average Loss So Far: 0.000136
Val Epoch: 10 [240/1260 (1%)]	Average Loss So Far: 0.000135
Val Epoch: 10 [280/1260 (1%)]	Average Loss So Far: 0.000133
Val Epoch: 10 [320/1260 (1%)]	Average Loss So Far: 0.000134
Val Epoch: 10 [360/1260 (1%)]	Average Loss So Far: 0.000133
Val Epoch: 10 [400/1260 (2%)]	Average Loss So Far: 0.000134
Val Epoch: 10 [440/1260 (2%)]	Average Loss So Far: 0.000133
Val Epoch: 10 [480/1260 (2%)]	Average Loss So Far: 0.000132
Val Epoch: 10 [520/1260 (2%)]	Average Loss So Far: 0.000132
Val Epoch: 10 [560/1260 (2%)]	Average Loss So Far: 0.000134
Val Epoch: 10 [600/1260 (2%)]	Average Loss So Far: 0.000134
Val Epoch: 10 [640/1260 (3%)]	Average Loss So Far: 0.000134
Val Epoch: 10 [680/1260 (3%)]	Average Loss So Far: 0.000134
Val Epoch: 10 [720/1260 (3%)]	Average Loss So Far: 0.000134
Val Epoch: 10 [760/1260 (3%)]	Average Loss So Far: 0.000134
Val Epoch: 10 [800/1260 (3%)]	Average Loss So Far: 0.000134
Val Epoch: 10 [840/1260 (3%)]	Average Loss So Far: 0.000135
Val Epoch: 10 [880/1260 (3%)]	Average Loss So Far: 0.000135
Val Epoch: 10 [920/1260 (4%)]	Average Loss So Far: 0.000135
Val Epoch: 10 [960/1260 (4%)]	Average Loss So Far: 0.000135
Val Epoch: 10 [1000/1260 (4%)]	Average Loss So Far: 0.000135
Val Epoch: 10 [1040/1260 (4%)]	Average Loss So Far: 0.000134
Val Epoch: 10 [1080/1260 (4%)]	Average Loss So Far: 0.000135
Val Epoch: 10 [1120/1260 (4%)]	Average Loss So Far: 0.000134
Val Epoch: 10 [1160/1260 (5%)]	Average Loss So Far: 0.000134
Val Epoch: 10 [1200/1260 (5%)]	Average Loss So Far: 0.000134
Val Epoch: 10 [1240/1260 (5%)]	Average Loss So Far: 0.000134
Average Validation Epoch Loss:  0.00013396267452636356
Average Threat Score:  0.3404599864922819
Started epoch 11
Train Epoch: 11 [0/2268 (0%)]	Loss: 0.000188
Train Epoch: 11 [20/2268 (0%)]	Loss: 0.000230
Train Epoch: 11 [40/2268 (0%)]	Loss: 0.000174
Train Epoch: 11 [60/2268 (0%)]	Loss: 0.000078
Train Epoch: 11 [80/2268 (0%)]	Loss: 0.000145
Train Epoch: 11 [100/2268 (0%)]	Loss: 0.000118
Train Epoch: 11 [120/2268 (1%)]	Loss: 0.000123
Train Epoch: 11 [140/2268 (1%)]	Loss: 0.000131
Train Epoch: 11 [160/2268 (1%)]	Loss: 0.000143
Train Epoch: 11 [180/2268 (1%)]	Loss: 0.000118
Train Epoch: 11 [200/2268 (1%)]	Loss: 0.000111
Train Epoch: 11 [220/2268 (1%)]	Loss: 0.000170
Train Epoch: 11 [240/2268 (1%)]	Loss: 0.000120
Train Epoch: 11 [260/2268 (1%)]	Loss: 0.000159
Train Epoch: 11 [280/2268 (1%)]	Loss: 0.000082
Train Epoch: 11 [300/2268 (1%)]	Loss: 0.000184
Train Epoch: 11 [320/2268 (1%)]	Loss: 0.000103
Train Epoch: 11 [340/2268 (1%)]	Loss: 0.000115
Train Epoch: 11 [360/2268 (2%)]	Loss: 0.000116
Train Epoch: 11 [380/2268 (2%)]	Loss: 0.000125
Train Epoch: 11 [400/2268 (2%)]	Loss: 0.000135
Train Epoch: 11 [420/2268 (2%)]	Loss: 0.000140
Train Epoch: 11 [440/2268 (2%)]	Loss: 0.000109
Train Epoch: 11 [460/2268 (2%)]	Loss: 0.000093
Train Epoch: 11 [480/2268 (2%)]	Loss: 0.000107
Train Epoch: 11 [500/2268 (2%)]	Loss: 0.000170
Train Epoch: 11 [520/2268 (2%)]	Loss: 0.000128
Train Epoch: 11 [540/2268 (2%)]	Loss: 0.000123
Train Epoch: 11 [560/2268 (2%)]	Loss: 0.000143
Train Epoch: 11 [580/2268 (3%)]	Loss: 0.000179
Train Epoch: 11 [600/2268 (3%)]	Loss: 0.000109
Train Epoch: 11 [620/2268 (3%)]	Loss: 0.000201
Train Epoch: 11 [640/2268 (3%)]	Loss: 0.000147
Train Epoch: 11 [660/2268 (3%)]	Loss: 0.000182
Train Epoch: 11 [680/2268 (3%)]	Loss: 0.000099
Train Epoch: 11 [700/2268 (3%)]	Loss: 0.000149
Train Epoch: 11 [720/2268 (3%)]	Loss: 0.000104
Train Epoch: 11 [740/2268 (3%)]	Loss: 0.000161
Train Epoch: 11 [760/2268 (3%)]	Loss: 0.000128
Train Epoch: 11 [780/2268 (3%)]	Loss: 0.000113
Train Epoch: 11 [800/2268 (4%)]	Loss: 0.000167
Train Epoch: 11 [820/2268 (4%)]	Loss: 0.000126
Train Epoch: 11 [840/2268 (4%)]	Loss: 0.000128
Train Epoch: 11 [860/2268 (4%)]	Loss: 0.000143
Train Epoch: 11 [880/2268 (4%)]	Loss: 0.000121
Train Epoch: 11 [900/2268 (4%)]	Loss: 0.000114
Train Epoch: 11 [920/2268 (4%)]	Loss: 0.000183
Train Epoch: 11 [940/2268 (4%)]	Loss: 0.000123
Train Epoch: 11 [960/2268 (4%)]	Loss: 0.000175
Train Epoch: 11 [980/2268 (4%)]	Loss: 0.000116
Train Epoch: 11 [1000/2268 (4%)]	Loss: 0.000434
Train Epoch: 11 [1020/2268 (4%)]	Loss: 0.000121
Train Epoch: 11 [1040/2268 (5%)]	Loss: 0.000083
Train Epoch: 11 [1060/2268 (5%)]	Loss: 0.000130
Train Epoch: 11 [1080/2268 (5%)]	Loss: 0.000090
Train Epoch: 11 [1100/2268 (5%)]	Loss: 0.000158
Train Epoch: 11 [1120/2268 (5%)]	Loss: 0.000086
Train Epoch: 11 [1140/2268 (5%)]	Loss: 0.000142
Train Epoch: 11 [1160/2268 (5%)]	Loss: 0.000136
Train Epoch: 11 [1180/2268 (5%)]	Loss: 0.000124
Train Epoch: 11 [1200/2268 (5%)]	Loss: 0.000105
Train Epoch: 11 [1220/2268 (5%)]	Loss: 0.000123
Train Epoch: 11 [1240/2268 (5%)]	Loss: 0.000102
Train Epoch: 11 [1260/2268 (6%)]	Loss: 0.000168
Train Epoch: 11 [1280/2268 (6%)]	Loss: 0.000197
Train Epoch: 11 [1300/2268 (6%)]	Loss: 0.000125
Train Epoch: 11 [1320/2268 (6%)]	Loss: 0.000115
Train Epoch: 11 [1340/2268 (6%)]	Loss: 0.000101
Train Epoch: 11 [1360/2268 (6%)]	Loss: 0.000155
Train Epoch: 11 [1380/2268 (6%)]	Loss: 0.000115
Train Epoch: 11 [1400/2268 (6%)]	Loss: 0.000110
Train Epoch: 11 [1420/2268 (6%)]	Loss: 0.000198
Train Epoch: 11 [1440/2268 (6%)]	Loss: 0.000111
Train Epoch: 11 [1460/2268 (6%)]	Loss: 0.000130
Train Epoch: 11 [1480/2268 (7%)]	Loss: 0.000130
Train Epoch: 11 [1500/2268 (7%)]	Loss: 0.000074
Train Epoch: 11 [1520/2268 (7%)]	Loss: 0.000161
Train Epoch: 11 [1540/2268 (7%)]	Loss: 0.000140
Train Epoch: 11 [1560/2268 (7%)]	Loss: 0.000124
Train Epoch: 11 [1580/2268 (7%)]	Loss: 0.000118
Train Epoch: 11 [1600/2268 (7%)]	Loss: 0.000115
Train Epoch: 11 [1620/2268 (7%)]	Loss: 0.000141
Train Epoch: 11 [1640/2268 (7%)]	Loss: 0.000087
Train Epoch: 11 [1660/2268 (7%)]	Loss: 0.000112
Train Epoch: 11 [1680/2268 (7%)]	Loss: 0.000082
Train Epoch: 11 [1700/2268 (7%)]	Loss: 0.000083
Train Epoch: 11 [1720/2268 (8%)]	Loss: 0.000118
Train Epoch: 11 [1740/2268 (8%)]	Loss: 0.000170
Train Epoch: 11 [1760/2268 (8%)]	Loss: 0.000097
Train Epoch: 11 [1780/2268 (8%)]	Loss: 0.000134
Train Epoch: 11 [1800/2268 (8%)]	Loss: 0.000172
Train Epoch: 11 [1820/2268 (8%)]	Loss: 0.000137
Train Epoch: 11 [1840/2268 (8%)]	Loss: 0.000134
Train Epoch: 11 [1860/2268 (8%)]	Loss: 0.000201
Train Epoch: 11 [1880/2268 (8%)]	Loss: 0.000099
Train Epoch: 11 [1900/2268 (8%)]	Loss: 0.000119
Train Epoch: 11 [1920/2268 (8%)]	Loss: 0.000136
Train Epoch: 11 [1940/2268 (9%)]	Loss: 0.000120
Train Epoch: 11 [1960/2268 (9%)]	Loss: 0.000134
Train Epoch: 11 [1980/2268 (9%)]	Loss: 0.000070
Train Epoch: 11 [2000/2268 (9%)]	Loss: 0.000109
Train Epoch: 11 [2020/2268 (9%)]	Loss: 0.000172
Train Epoch: 11 [2040/2268 (9%)]	Loss: 0.000146
Train Epoch: 11 [2060/2268 (9%)]	Loss: 0.000117
Train Epoch: 11 [2080/2268 (9%)]	Loss: 0.000134
Train Epoch: 11 [2100/2268 (9%)]	Loss: 0.000124
Train Epoch: 11 [2120/2268 (9%)]	Loss: 0.000153
Train Epoch: 11 [2140/2268 (9%)]	Loss: 0.000122
Train Epoch: 11 [2160/2268 (10%)]	Loss: 0.000146
Train Epoch: 11 [2180/2268 (10%)]	Loss: 0.000119
Train Epoch: 11 [2200/2268 (10%)]	Loss: 0.000195
Train Epoch: 11 [2220/2268 (10%)]	Loss: 0.000141
Train Epoch: 11 [2240/2268 (10%)]	Loss: 0.000181
Train Epoch: 11 [2260/2268 (10%)]	Loss: 0.000116

Average Train Epoch Loss:  0.00016006422849632244
Started validation
Val Epoch: 11 [0/1260 (0%)]	Average Loss So Far: 0.000148
Val Epoch: 11 [40/1260 (0%)]	Average Loss So Far: 0.000132
Val Epoch: 11 [80/1260 (0%)]	Average Loss So Far: 0.000130
Val Epoch: 11 [120/1260 (0%)]	Average Loss So Far: 0.000132
Val Epoch: 11 [160/1260 (1%)]	Average Loss So Far: 0.000128
Val Epoch: 11 [200/1260 (1%)]	Average Loss So Far: 0.000129
Val Epoch: 11 [240/1260 (1%)]	Average Loss So Far: 0.000130
Val Epoch: 11 [280/1260 (1%)]	Average Loss So Far: 0.000131
Val Epoch: 11 [320/1260 (1%)]	Average Loss So Far: 0.000135
Val Epoch: 11 [360/1260 (1%)]	Average Loss So Far: 0.000135
Val Epoch: 11 [400/1260 (2%)]	Average Loss So Far: 0.000134
Val Epoch: 11 [440/1260 (2%)]	Average Loss So Far: 0.000134
Val Epoch: 11 [480/1260 (2%)]	Average Loss So Far: 0.000134
Val Epoch: 11 [520/1260 (2%)]	Average Loss So Far: 0.000133
Val Epoch: 11 [560/1260 (2%)]	Average Loss So Far: 0.000133
Val Epoch: 11 [600/1260 (2%)]	Average Loss So Far: 0.000134
Val Epoch: 11 [640/1260 (3%)]	Average Loss So Far: 0.000134
Val Epoch: 11 [680/1260 (3%)]	Average Loss So Far: 0.000133
Val Epoch: 11 [720/1260 (3%)]	Average Loss So Far: 0.000133
Val Epoch: 11 [760/1260 (3%)]	Average Loss So Far: 0.000133
Val Epoch: 11 [800/1260 (3%)]	Average Loss So Far: 0.000133
Val Epoch: 11 [840/1260 (3%)]	Average Loss So Far: 0.000133
Val Epoch: 11 [880/1260 (3%)]	Average Loss So Far: 0.000132
Val Epoch: 11 [920/1260 (4%)]	Average Loss So Far: 0.000133
Val Epoch: 11 [960/1260 (4%)]	Average Loss So Far: 0.000133
Val Epoch: 11 [1000/1260 (4%)]	Average Loss So Far: 0.000133
Val Epoch: 11 [1040/1260 (4%)]	Average Loss So Far: 0.000132
Val Epoch: 11 [1080/1260 (4%)]	Average Loss So Far: 0.000132
Val Epoch: 11 [1120/1260 (4%)]	Average Loss So Far: 0.000132
Val Epoch: 11 [1160/1260 (5%)]	Average Loss So Far: 0.000132
Val Epoch: 11 [1200/1260 (5%)]	Average Loss So Far: 0.000133
Val Epoch: 11 [1240/1260 (5%)]	Average Loss So Far: 0.000133
Average Validation Epoch Loss:  0.00013346014785802561
Average Threat Score:  0.3404599866578503
Started epoch 12
Train Epoch: 12 [0/2268 (0%)]	Loss: 0.000124
Train Epoch: 12 [20/2268 (0%)]	Loss: 0.000102
Train Epoch: 12 [40/2268 (0%)]	Loss: 0.000138
Train Epoch: 12 [60/2268 (0%)]	Loss: 0.000169
Train Epoch: 12 [80/2268 (0%)]	Loss: 0.000282
Train Epoch: 12 [100/2268 (0%)]	Loss: 0.000308
Train Epoch: 12 [120/2268 (1%)]	Loss: 0.000301
Train Epoch: 12 [140/2268 (1%)]	Loss: 0.000219
Train Epoch: 12 [160/2268 (1%)]	Loss: 0.000072
Train Epoch: 12 [180/2268 (1%)]	Loss: 0.000119
Train Epoch: 12 [200/2268 (1%)]	Loss: 0.000201
Train Epoch: 12 [220/2268 (1%)]	Loss: 0.000126
Train Epoch: 12 [240/2268 (1%)]	Loss: 0.000196
Train Epoch: 12 [260/2268 (1%)]	Loss: 0.000125
Train Epoch: 12 [280/2268 (1%)]	Loss: 0.000131
Train Epoch: 12 [300/2268 (1%)]	Loss: 0.000149
Train Epoch: 12 [320/2268 (1%)]	Loss: 0.000414
Train Epoch: 12 [340/2268 (1%)]	Loss: 0.000124
Train Epoch: 12 [360/2268 (2%)]	Loss: 0.000098
Train Epoch: 12 [380/2268 (2%)]	Loss: 0.000149
Train Epoch: 12 [400/2268 (2%)]	Loss: 0.000110
Train Epoch: 12 [420/2268 (2%)]	Loss: 0.000072
Train Epoch: 12 [440/2268 (2%)]	Loss: 0.000250
Train Epoch: 12 [460/2268 (2%)]	Loss: 0.000148
Train Epoch: 12 [480/2268 (2%)]	Loss: 0.000127
Train Epoch: 12 [500/2268 (2%)]	Loss: 0.000196
Train Epoch: 12 [520/2268 (2%)]	Loss: 0.000129
Train Epoch: 12 [540/2268 (2%)]	Loss: 0.000162
Train Epoch: 12 [560/2268 (2%)]	Loss: 0.000135
Train Epoch: 12 [580/2268 (3%)]	Loss: 0.000160
Train Epoch: 12 [600/2268 (3%)]	Loss: 0.000145
Train Epoch: 12 [620/2268 (3%)]	Loss: 0.000110
Train Epoch: 12 [640/2268 (3%)]	Loss: 0.000146
Train Epoch: 12 [660/2268 (3%)]	Loss: 0.000138
Train Epoch: 12 [680/2268 (3%)]	Loss: 0.000084
Train Epoch: 12 [700/2268 (3%)]	Loss: 0.000113
Train Epoch: 12 [720/2268 (3%)]	Loss: 0.000110
Train Epoch: 12 [740/2268 (3%)]	Loss: 0.000111
Train Epoch: 12 [760/2268 (3%)]	Loss: 0.000129
Train Epoch: 12 [780/2268 (3%)]	Loss: 0.000318
Train Epoch: 12 [800/2268 (4%)]	Loss: 0.000509
Train Epoch: 12 [820/2268 (4%)]	Loss: 0.000156
Train Epoch: 12 [840/2268 (4%)]	Loss: 0.000289
Train Epoch: 12 [860/2268 (4%)]	Loss: 0.000128
Train Epoch: 12 [880/2268 (4%)]	Loss: 0.000152
Train Epoch: 12 [900/2268 (4%)]	Loss: 0.000146
Train Epoch: 12 [920/2268 (4%)]	Loss: 0.000169
Train Epoch: 12 [940/2268 (4%)]	Loss: 0.000519
Train Epoch: 12 [960/2268 (4%)]	Loss: 0.000180
Train Epoch: 12 [980/2268 (4%)]	Loss: 0.000135
Train Epoch: 12 [1000/2268 (4%)]	Loss: 0.000157
Train Epoch: 12 [1020/2268 (4%)]	Loss: 0.000604
Train Epoch: 12 [1040/2268 (5%)]	Loss: 0.000125
Train Epoch: 12 [1060/2268 (5%)]	Loss: 0.000163
Train Epoch: 12 [1080/2268 (5%)]	Loss: 0.000117
Train Epoch: 12 [1100/2268 (5%)]	Loss: 0.000112
Train Epoch: 12 [1120/2268 (5%)]	Loss: 0.000109
Train Epoch: 12 [1140/2268 (5%)]	Loss: 0.000127
Train Epoch: 12 [1160/2268 (5%)]	Loss: 0.000087
Train Epoch: 12 [1180/2268 (5%)]	Loss: 0.000160
Train Epoch: 12 [1200/2268 (5%)]	Loss: 0.000110
Train Epoch: 12 [1220/2268 (5%)]	Loss: 0.000167
Train Epoch: 12 [1240/2268 (5%)]	Loss: 0.000122
Train Epoch: 12 [1260/2268 (6%)]	Loss: 0.000141
Train Epoch: 12 [1280/2268 (6%)]	Loss: 0.000127
Train Epoch: 12 [1300/2268 (6%)]	Loss: 0.000182
Train Epoch: 12 [1320/2268 (6%)]	Loss: 0.000140
Train Epoch: 12 [1340/2268 (6%)]	Loss: 0.000224
Train Epoch: 12 [1360/2268 (6%)]	Loss: 0.000142
Train Epoch: 12 [1380/2268 (6%)]	Loss: 0.000180
Traceback (most recent call last):
  File "main.py", line 101, in <module>
    train_obj()
  File "main.py", line 99, in train_obj
    obj_trainer.train(epochs, True)
  File "/scratch/jd4138/obj_no_pre_50/obj_trainer.py", line 142, in train
    class_target, box_target = self.get_targets(target, sample)
  File "/scratch/jd4138/obj_no_pre_50/obj_trainer.py", line 108, in get_targets
    gt_classes, gt_offsets = get_bbox_gt(bboxes, t['category'].to(self.device), self.anchor_boxes.to(self.device), self.map_sz, self.device)
  File "/scratch/jd4138/obj_no_pre_50/anchors.py", line 95, in get_bbox_gt
    ious2 = box_iou(actual_boxes, anchor_boxes)
  File "/scratch/jd4138/obj_no_pre_50/boxes.py", line 148, in box_iou
    wh = (rb - lt).clamp(min=0)  # [N,M,2]
RuntimeError: CUDA out of memory. Tried to allocate 3.36 GiB (GPU 0; 22.38 GiB total capacity; 13.56 GiB already allocated; 2.19 GiB free; 19.67 GiB reserved in total by PyTorch)
