Collecting package metadata (current_repodata.json): ...working... done
Solving environment: ...working... done


==> WARNING: A newer version of conda exists. <==
  current version: 4.8.2
  latest version: 4.8.3

Please update conda by running

    $ conda update -n base -c defaults conda



# All requested packages already installed.

Requirement already satisfied: scipy in /home/mh5275/miniconda3/envs/pytorch/lib/python3.7/site-packages (1.4.1)
Requirement already satisfied: numpy>=1.13.3 in /home/mh5275/miniconda3/envs/pytorch/lib/python3.7/site-packages (from scipy) (1.18.1)
Requirement already satisfied: scikit-image in /home/mh5275/miniconda3/envs/pytorch/lib/python3.7/site-packages (0.16.2)
Requirement already satisfied: pillow>=4.3.0 in /home/mh5275/miniconda3/envs/pytorch/lib/python3.7/site-packages (from scikit-image) (7.0.0)
Requirement already satisfied: networkx>=2.0 in /home/mh5275/miniconda3/envs/pytorch/lib/python3.7/site-packages (from scikit-image) (2.4)
Requirement already satisfied: matplotlib!=3.0.0,>=2.0.0 in /home/mh5275/miniconda3/envs/pytorch/lib/python3.7/site-packages (from scikit-image) (3.1.3)
Requirement already satisfied: PyWavelets>=0.4.0 in /home/mh5275/miniconda3/envs/pytorch/lib/python3.7/site-packages (from scikit-image) (1.1.1)
Requirement already satisfied: scipy>=0.19.0 in /home/mh5275/miniconda3/envs/pytorch/lib/python3.7/site-packages (from scikit-image) (1.4.1)
Requirement already satisfied: imageio>=2.3.0 in /home/mh5275/miniconda3/envs/pytorch/lib/python3.7/site-packages (from scikit-image) (2.8.0)
Requirement already satisfied: decorator>=4.3.0 in /home/mh5275/miniconda3/envs/pytorch/lib/python3.7/site-packages (from networkx>=2.0->scikit-image) (4.4.2)
Requirement already satisfied: numpy>=1.11 in /home/mh5275/miniconda3/envs/pytorch/lib/python3.7/site-packages (from matplotlib!=3.0.0,>=2.0.0->scikit-image) (1.18.1)
Requirement already satisfied: kiwisolver>=1.0.1 in /home/mh5275/miniconda3/envs/pytorch/lib/python3.7/site-packages (from matplotlib!=3.0.0,>=2.0.0->scikit-image) (1.1.0)
Requirement already satisfied: pyparsing!=2.0.4,!=2.1.2,!=2.1.6,>=2.0.1 in /home/mh5275/miniconda3/envs/pytorch/lib/python3.7/site-packages (from matplotlib!=3.0.0,>=2.0.0->scikit-image) (2.4.6)
Requirement already satisfied: cycler>=0.10 in /home/mh5275/miniconda3/envs/pytorch/lib/python3.7/site-packages (from matplotlib!=3.0.0,>=2.0.0->scikit-image) (0.10.0)
Requirement already satisfied: python-dateutil>=2.1 in /home/mh5275/miniconda3/envs/pytorch/lib/python3.7/site-packages (from matplotlib!=3.0.0,>=2.0.0->scikit-image) (2.8.1)
Requirement already satisfied: setuptools in /home/mh5275/miniconda3/envs/pytorch/lib/python3.7/site-packages (from kiwisolver>=1.0.1->matplotlib!=3.0.0,>=2.0.0->scikit-image) (46.1.3.post20200330)
Requirement already satisfied: six in /home/mh5275/miniconda3/envs/pytorch/lib/python3.7/site-packages (from cycler>=0.10->matplotlib!=3.0.0,>=2.0.0->scikit-image) (1.14.0)
========================================================================================
Current Parameters:
 epochs = 10,
 batch_size = 2,
 lr = 0.0001,
 weight_decay = 0.0001,
 output model state_dict will stored at: bbox_hrnet01.pt 
========================================================================================
Train Epoch: 0 [0/2772 (0%)]	Loss: 0.258375
Train Epoch: 0 [100/2772 (0%)]	Loss: 0.091151
Train Epoch: 0 [200/2772 (1%)]	Loss: 0.057934
Train Epoch: 0 [300/2772 (1%)]	Loss: 0.033147
Train Epoch: 0 [400/2772 (1%)]	Loss: 0.029054
Train Epoch: 0 [500/2772 (2%)]	Loss: 0.033159
Train Epoch: 0 [600/2772 (2%)]	Loss: 0.020679
Train Epoch: 0 [700/2772 (3%)]	Loss: 0.012753
Train Epoch: 0 [800/2772 (3%)]	Loss: 0.032939
Train Epoch: 0 [900/2772 (3%)]	Loss: 0.009767
Train Epoch: 0 [1000/2772 (4%)]	Loss: 0.021195
Train Epoch: 0 [1100/2772 (4%)]	Loss: 0.020710
Train Epoch: 0 [1200/2772 (4%)]	Loss: 0.020931
Train Epoch: 0 [1300/2772 (5%)]	Loss: 0.009158
Train Epoch: 0 [1400/2772 (5%)]	Loss: 0.012264
Train Epoch: 0 [1500/2772 (5%)]	Loss: 0.030653
Train Epoch: 0 [1600/2772 (6%)]	Loss: 0.013479
Train Epoch: 0 [1700/2772 (6%)]	Loss: 0.017452
Train Epoch: 0 [1800/2772 (6%)]	Loss: 0.021380
Train Epoch: 0 [1900/2772 (7%)]	Loss: 0.019477
Train Epoch: 0 [2000/2772 (7%)]	Loss: 0.028854
Train Epoch: 0 [2100/2772 (8%)]	Loss: 0.022810
Train Epoch: 0 [2200/2772 (8%)]	Loss: 0.023376
Train Epoch: 0 [2300/2772 (8%)]	Loss: 0.015006
Train Epoch: 0 [2400/2772 (9%)]	Loss: 0.018896
Train Epoch: 0 [2500/2772 (9%)]	Loss: 0.012741
Train Epoch: 0 [2600/2772 (9%)]	Loss: 0.025926
Train Epoch: 0 [2700/2772 (10%)]	Loss: 0.017409

Average Train Epoch Loss:  0.029327725147805614
/home/mh5275/miniconda3/envs/pytorch/lib/python3.7/site-packages/torch/nn/functional.py:2973: UserWarning: Default upsampling behavior when mode=bilinear is changed to align_corners=False since 0.4.0. Please specify align_corners=True if the old behavior is desired. See the documentation of nn.Upsample for details.
  "See the documentation of nn.Upsample for details.".format(mode))
/home/mh5275/miniconda3/envs/pytorch/lib/python3.7/site-packages/torch/nn/functional.py:2796: UserWarning: nn.functional.upsample is deprecated. Use nn.functional.interpolate instead.
  warnings.warn("nn.functional.upsample is deprecated. Use nn.functional.interpolate instead.")
Average Validation Epoch Loss:  0.023466470296539012
Average Threat Score:  0.0
== Saving model at epoch 0 with best AVG Threat Score 0.0 ==
== Current Validation Loss is 0.023466470296539012 ==
Train Epoch: 1 [0/2772 (0%)]	Loss: 0.033605
Train Epoch: 1 [100/2772 (0%)]	Loss: 0.024664
Train Epoch: 1 [200/2772 (1%)]	Loss: 0.017252
Train Epoch: 1 [300/2772 (1%)]	Loss: 0.017939
Train Epoch: 1 [400/2772 (1%)]	Loss: 0.018579
Train Epoch: 1 [500/2772 (2%)]	Loss: 0.008159
Train Epoch: 1 [600/2772 (2%)]	Loss: 0.007015
Train Epoch: 1 [700/2772 (3%)]	Loss: 0.030357
Train Epoch: 1 [800/2772 (3%)]	Loss: 0.020316
Train Epoch: 1 [900/2772 (3%)]	Loss: 0.018234
Train Epoch: 1 [1000/2772 (4%)]	Loss: 0.009461
Train Epoch: 1 [1100/2772 (4%)]	Loss: 0.003583
Train Epoch: 1 [1200/2772 (4%)]	Loss: 0.010423
Train Epoch: 1 [1300/2772 (5%)]	Loss: 0.017069
Train Epoch: 1 [1400/2772 (5%)]	Loss: 0.025587
Train Epoch: 1 [1500/2772 (5%)]	Loss: 0.010251
Train Epoch: 1 [1600/2772 (6%)]	Loss: 0.017512
Train Epoch: 1 [1700/2772 (6%)]	Loss: 0.012778
Train Epoch: 1 [1800/2772 (6%)]	Loss: 0.013205
Train Epoch: 1 [1900/2772 (7%)]	Loss: 0.006907
Train Epoch: 1 [2000/2772 (7%)]	Loss: 0.006140
Train Epoch: 1 [2100/2772 (8%)]	Loss: 0.021428
Train Epoch: 1 [2200/2772 (8%)]	Loss: 0.010977
Train Epoch: 1 [2300/2772 (8%)]	Loss: 0.015297
Train Epoch: 1 [2400/2772 (9%)]	Loss: 0.017530
Train Epoch: 1 [2500/2772 (9%)]	Loss: 0.026127
Train Epoch: 1 [2600/2772 (9%)]	Loss: 0.010928
Train Epoch: 1 [2700/2772 (10%)]	Loss: 0.023268

Average Train Epoch Loss:  0.0178943873259802
Average Validation Epoch Loss:  0.023287037404736987
Average Threat Score:  0.0
Train Epoch: 2 [0/2772 (0%)]	Loss: 0.012719
Train Epoch: 2 [100/2772 (0%)]	Loss: 0.028368
Train Epoch: 2 [200/2772 (1%)]	Loss: 0.024818
Train Epoch: 2 [300/2772 (1%)]	Loss: 0.029441
Train Epoch: 2 [400/2772 (1%)]	Loss: 0.025500
Train Epoch: 2 [500/2772 (2%)]	Loss: 0.024356
Train Epoch: 2 [600/2772 (2%)]	Loss: 0.025439
Train Epoch: 2 [700/2772 (3%)]	Loss: 0.019688
Train Epoch: 2 [800/2772 (3%)]	Loss: 0.024891
Train Epoch: 2 [900/2772 (3%)]	Loss: 0.016036
Train Epoch: 2 [1000/2772 (4%)]	Loss: 0.006948
Train Epoch: 2 [1100/2772 (4%)]	Loss: 0.015619
Train Epoch: 2 [1200/2772 (4%)]	Loss: 0.026121
Train Epoch: 2 [1300/2772 (5%)]	Loss: 0.006971
Train Epoch: 2 [1400/2772 (5%)]	Loss: 0.023882
Train Epoch: 2 [1500/2772 (5%)]	Loss: 0.006527
Train Epoch: 2 [1600/2772 (6%)]	Loss: 0.004041
Train Epoch: 2 [1700/2772 (6%)]	Loss: 0.024603
Train Epoch: 2 [1800/2772 (6%)]	Loss: 0.024839
Train Epoch: 2 [1900/2772 (7%)]	Loss: 0.011751
Train Epoch: 2 [2000/2772 (7%)]	Loss: 0.022049
Train Epoch: 2 [2100/2772 (8%)]	Loss: 0.017926
Train Epoch: 2 [2200/2772 (8%)]	Loss: 0.026866
Train Epoch: 2 [2300/2772 (8%)]	Loss: 0.017390
Train Epoch: 2 [2400/2772 (9%)]	Loss: 0.016975
Train Epoch: 2 [2500/2772 (9%)]	Loss: 0.018386
Train Epoch: 2 [2600/2772 (9%)]	Loss: 0.006998
Train Epoch: 2 [2700/2772 (10%)]	Loss: 0.012879

Average Train Epoch Loss:  0.0169608030541468
Average Validation Epoch Loss:  0.022931889379544865
Average Threat Score:  0.0
Train Epoch: 3 [0/2772 (0%)]	Loss: 0.003843
Train Epoch: 3 [100/2772 (0%)]	Loss: 0.016613
Train Epoch: 3 [200/2772 (1%)]	Loss: 0.015781
Train Epoch: 3 [300/2772 (1%)]	Loss: 0.028638
Train Epoch: 3 [400/2772 (1%)]	Loss: 0.018211
Train Epoch: 3 [500/2772 (2%)]	Loss: 0.010017
Train Epoch: 3 [600/2772 (2%)]	Loss: 0.037371
Train Epoch: 3 [700/2772 (3%)]	Loss: 0.028640
Train Epoch: 3 [800/2772 (3%)]	Loss: 0.030086
Train Epoch: 3 [900/2772 (3%)]	Loss: 0.026392
Train Epoch: 3 [1000/2772 (4%)]	Loss: 0.011765
Train Epoch: 3 [1100/2772 (4%)]	Loss: 0.022307
Train Epoch: 3 [1200/2772 (4%)]	Loss: 0.017636
Train Epoch: 3 [1300/2772 (5%)]	Loss: 0.011425
Train Epoch: 3 [1400/2772 (5%)]	Loss: 0.017835
Train Epoch: 3 [1500/2772 (5%)]	Loss: 0.028507
Train Epoch: 3 [1600/2772 (6%)]	Loss: 0.013565
Train Epoch: 3 [1700/2772 (6%)]	Loss: 0.024199
Train Epoch: 3 [1800/2772 (6%)]	Loss: 0.014163
Train Epoch: 3 [1900/2772 (7%)]	Loss: 0.016230
Train Epoch: 3 [2000/2772 (7%)]	Loss: 0.009487
Train Epoch: 3 [2100/2772 (8%)]	Loss: 0.017689
Train Epoch: 3 [2200/2772 (8%)]	Loss: 0.011051
Train Epoch: 3 [2300/2772 (8%)]	Loss: 0.019084
Train Epoch: 3 [2400/2772 (9%)]	Loss: 0.026425
Train Epoch: 3 [2500/2772 (9%)]	Loss: 0.020059
Train Epoch: 3 [2600/2772 (9%)]	Loss: 0.017394
Train Epoch: 3 [2700/2772 (10%)]	Loss: 0.021747

Average Train Epoch Loss:  0.01615392581192161
Average Validation Epoch Loss:  0.022575314760346105
Average Threat Score:  0.0
Train Epoch: 4 [0/2772 (0%)]	Loss: 0.012759
Train Epoch: 4 [100/2772 (0%)]	Loss: 0.023221
Train Epoch: 4 [200/2772 (1%)]	Loss: 0.016400
Train Epoch: 4 [300/2772 (1%)]	Loss: 0.007800
Train Epoch: 4 [400/2772 (1%)]	Loss: 0.024633
Train Epoch: 4 [500/2772 (2%)]	Loss: 0.022884
Train Epoch: 4 [600/2772 (2%)]	Loss: 0.009324
Train Epoch: 4 [700/2772 (3%)]	Loss: 0.019602
Train Epoch: 4 [800/2772 (3%)]	Loss: 0.015720
Train Epoch: 4 [900/2772 (3%)]	Loss: 0.027878
Train Epoch: 4 [1000/2772 (4%)]	Loss: 0.000861
Train Epoch: 4 [1100/2772 (4%)]	Loss: 0.012257
Train Epoch: 4 [1200/2772 (4%)]	Loss: 0.014179
Train Epoch: 4 [1300/2772 (5%)]	Loss: 0.014227
Train Epoch: 4 [1400/2772 (5%)]	Loss: 0.002276
Train Epoch: 4 [1500/2772 (5%)]	Loss: 0.014731
Train Epoch: 4 [1600/2772 (6%)]	Loss: 0.016249
Train Epoch: 4 [1700/2772 (6%)]	Loss: 0.006209
Train Epoch: 4 [1800/2772 (6%)]	Loss: 0.020972
Train Epoch: 4 [1900/2772 (7%)]	Loss: 0.013566
Train Epoch: 4 [2000/2772 (7%)]	Loss: 0.005303
Train Epoch: 4 [2100/2772 (8%)]	Loss: 0.010225
Train Epoch: 4 [2200/2772 (8%)]	Loss: 0.020040
Train Epoch: 4 [2300/2772 (8%)]	Loss: 0.017576
Train Epoch: 4 [2400/2772 (9%)]	Loss: 0.020511
Train Epoch: 4 [2500/2772 (9%)]	Loss: 0.028105
Train Epoch: 4 [2600/2772 (9%)]	Loss: 0.013985
Train Epoch: 4 [2700/2772 (10%)]	Loss: 0.015884

Average Train Epoch Loss:  0.015544074519782987
Average Validation Epoch Loss:  0.02283716378930621
Average Threat Score:  0.0
Train Epoch: 5 [0/2772 (0%)]	Loss: 0.014994
Train Epoch: 5 [100/2772 (0%)]	Loss: 0.007602
Train Epoch: 5 [200/2772 (1%)]	Loss: 0.021263
Train Epoch: 5 [300/2772 (1%)]	Loss: 0.012212
Train Epoch: 5 [400/2772 (1%)]	Loss: 0.018543
Train Epoch: 5 [500/2772 (2%)]	Loss: 0.009849
Train Epoch: 5 [600/2772 (2%)]	Loss: 0.013702
Train Epoch: 5 [700/2772 (3%)]	Loss: 0.014102
Train Epoch: 5 [800/2772 (3%)]	Loss: 0.013945
Train Epoch: 5 [900/2772 (3%)]	Loss: 0.012508
Train Epoch: 5 [1000/2772 (4%)]	Loss: 0.012238
Train Epoch: 5 [1100/2772 (4%)]	Loss: 0.005167
Train Epoch: 5 [1200/2772 (4%)]	Loss: 0.021474
Train Epoch: 5 [1300/2772 (5%)]	Loss: 0.012370
Train Epoch: 5 [1400/2772 (5%)]	Loss: 0.023471
Train Epoch: 5 [1500/2772 (5%)]	Loss: 0.009898
Train Epoch: 5 [1600/2772 (6%)]	Loss: 0.018526
Train Epoch: 5 [1700/2772 (6%)]	Loss: 0.012340
Train Epoch: 5 [1800/2772 (6%)]	Loss: 0.010684
Train Epoch: 5 [1900/2772 (7%)]	Loss: 0.015596
Train Epoch: 5 [2000/2772 (7%)]	Loss: 0.018569
Train Epoch: 5 [2100/2772 (8%)]	Loss: 0.005545
Train Epoch: 5 [2200/2772 (8%)]	Loss: 0.024431
Train Epoch: 5 [2300/2772 (8%)]	Loss: 0.011301
Train Epoch: 5 [2400/2772 (9%)]	Loss: 0.005882
Train Epoch: 5 [2500/2772 (9%)]	Loss: 0.004616
Train Epoch: 5 [2600/2772 (9%)]	Loss: 0.012780
Train Epoch: 5 [2700/2772 (10%)]	Loss: 0.006741

Average Train Epoch Loss:  0.01499239170094307
Average Validation Epoch Loss:  0.022814861896679438
Average Threat Score:  0.0
Train Epoch: 6 [0/2772 (0%)]	Loss: 0.003372
Train Epoch: 6 [100/2772 (0%)]	Loss: 0.021912
Train Epoch: 6 [200/2772 (1%)]	Loss: 0.013624
Train Epoch: 6 [300/2772 (1%)]	Loss: 0.008680
Train Epoch: 6 [400/2772 (1%)]	Loss: 0.016966
Train Epoch: 6 [500/2772 (2%)]	Loss: 0.006889
Train Epoch: 6 [600/2772 (2%)]	Loss: 0.025139
Train Epoch: 6 [700/2772 (3%)]	Loss: 0.025754
Train Epoch: 6 [800/2772 (3%)]	Loss: 0.012379
Train Epoch: 6 [900/2772 (3%)]	Loss: 0.019102
Train Epoch: 6 [1000/2772 (4%)]	Loss: 0.017548
Train Epoch: 6 [1100/2772 (4%)]	Loss: 0.012509
Train Epoch: 6 [1200/2772 (4%)]	Loss: 0.023624
Train Epoch: 6 [1300/2772 (5%)]	Loss: 0.017572
Train Epoch: 6 [1400/2772 (5%)]	Loss: 0.004493
Train Epoch: 6 [1500/2772 (5%)]	Loss: 0.007083
Train Epoch: 6 [1600/2772 (6%)]	Loss: 0.011263
Train Epoch: 6 [1700/2772 (6%)]	Loss: 0.018534
Train Epoch: 6 [1800/2772 (6%)]	Loss: 0.014195
Train Epoch: 6 [1900/2772 (7%)]	Loss: 0.012532
Train Epoch: 6 [2000/2772 (7%)]	Loss: 0.013502
Train Epoch: 6 [2100/2772 (8%)]	Loss: 0.022312
Train Epoch: 6 [2200/2772 (8%)]	Loss: 0.009584
Train Epoch: 6 [2300/2772 (8%)]	Loss: 0.012703
Train Epoch: 6 [2400/2772 (9%)]	Loss: 0.011334
Train Epoch: 6 [2500/2772 (9%)]	Loss: 0.011404
Train Epoch: 6 [2600/2772 (9%)]	Loss: 0.027339
Train Epoch: 6 [2700/2772 (10%)]	Loss: 0.019062

Average Train Epoch Loss:  0.014474359904647727
Average Validation Epoch Loss:  0.02256758206292356
Average Threat Score:  0.0
Train Epoch: 7 [0/2772 (0%)]	Loss: 0.028377
Train Epoch: 7 [100/2772 (0%)]	Loss: 0.007278
Train Epoch: 7 [200/2772 (1%)]	Loss: 0.010611
Train Epoch: 7 [300/2772 (1%)]	Loss: 0.003924
Train Epoch: 7 [400/2772 (1%)]	Loss: 0.005016
Train Epoch: 7 [500/2772 (2%)]	Loss: 0.017512
Train Epoch: 7 [600/2772 (2%)]	Loss: 0.005601
Train Epoch: 7 [700/2772 (3%)]	Loss: 0.023330
Train Epoch: 7 [800/2772 (3%)]	Loss: 0.015997
Train Epoch: 7 [900/2772 (3%)]	Loss: 0.018768
Train Epoch: 7 [1000/2772 (4%)]	Loss: 0.005055
Train Epoch: 7 [1100/2772 (4%)]	Loss: 0.017535
Train Epoch: 7 [1200/2772 (4%)]	Loss: 0.025229
Train Epoch: 7 [1300/2772 (5%)]	Loss: 0.020326
Train Epoch: 7 [1400/2772 (5%)]	Loss: 0.030739
Train Epoch: 7 [1500/2772 (5%)]	Loss: 0.003929
Train Epoch: 7 [1600/2772 (6%)]	Loss: 0.014126
Train Epoch: 7 [1700/2772 (6%)]	Loss: 0.022240
Train Epoch: 7 [1800/2772 (6%)]	Loss: 0.008586
Train Epoch: 7 [1900/2772 (7%)]	Loss: 0.023642
Train Epoch: 7 [2000/2772 (7%)]	Loss: 0.015305
Train Epoch: 7 [2100/2772 (8%)]	Loss: 0.012901
Train Epoch: 7 [2200/2772 (8%)]	Loss: 0.013164
Train Epoch: 7 [2300/2772 (8%)]	Loss: 0.023395
Train Epoch: 7 [2400/2772 (9%)]	Loss: 0.010350
Train Epoch: 7 [2500/2772 (9%)]	Loss: 0.012722
Train Epoch: 7 [2600/2772 (9%)]	Loss: 0.004770
Train Epoch: 7 [2700/2772 (10%)]	Loss: 0.004743

Average Train Epoch Loss:  0.014058896699293031
Average Validation Epoch Loss:  0.02312637716728859
Average Threat Score:  2.9895071521716773e-05
== Saving model at epoch 7 with best AVG Threat Score 2.9895071521716773e-05 ==
== Current Validation Loss is 0.02312637716728859 ==
Train Epoch: 8 [0/2772 (0%)]	Loss: 0.011020
Train Epoch: 8 [100/2772 (0%)]	Loss: 0.015573
Train Epoch: 8 [200/2772 (1%)]	Loss: 0.018360
Train Epoch: 8 [300/2772 (1%)]	Loss: 0.003636
Train Epoch: 8 [400/2772 (1%)]	Loss: 0.007966
Train Epoch: 8 [500/2772 (2%)]	Loss: 0.023528
Train Epoch: 8 [600/2772 (2%)]	Loss: 0.013989
Train Epoch: 8 [700/2772 (3%)]	Loss: 0.009200
Train Epoch: 8 [800/2772 (3%)]	Loss: 0.015152
Train Epoch: 8 [900/2772 (3%)]	Loss: 0.009689
Train Epoch: 8 [1000/2772 (4%)]	Loss: 0.021292
Train Epoch: 8 [1100/2772 (4%)]	Loss: 0.013924
Train Epoch: 8 [1200/2772 (4%)]	Loss: 0.013642
Train Epoch: 8 [1300/2772 (5%)]	Loss: 0.017186
Train Epoch: 8 [1400/2772 (5%)]	Loss: 0.011240
Train Epoch: 8 [1500/2772 (5%)]	Loss: 0.002204
Train Epoch: 8 [1600/2772 (6%)]	Loss: 0.018271
Train Epoch: 8 [1700/2772 (6%)]	Loss: 0.010425
Train Epoch: 8 [1800/2772 (6%)]	Loss: 0.017544
Train Epoch: 8 [1900/2772 (7%)]	Loss: 0.007272
Train Epoch: 8 [2000/2772 (7%)]	Loss: 0.018700
Train Epoch: 8 [2100/2772 (8%)]	Loss: 0.016746
Train Epoch: 8 [2200/2772 (8%)]	Loss: 0.008189
Train Epoch: 8 [2300/2772 (8%)]	Loss: 0.024893
Train Epoch: 8 [2400/2772 (9%)]	Loss: 0.019998
Train Epoch: 8 [2500/2772 (9%)]	Loss: 0.019346
Train Epoch: 8 [2600/2772 (9%)]	Loss: 0.008048
Train Epoch: 8 [2700/2772 (10%)]	Loss: 0.011849

Average Train Epoch Loss:  0.013635419080088326
Average Validation Epoch Loss:  0.02260216697557736
Average Threat Score:  0.0
Train Epoch: 9 [0/2772 (0%)]	Loss: 0.018892
Train Epoch: 9 [100/2772 (0%)]	Loss: 0.009847
Train Epoch: 9 [200/2772 (1%)]	Loss: 0.027751
Train Epoch: 9 [300/2772 (1%)]	Loss: 0.018650
Train Epoch: 9 [400/2772 (1%)]	Loss: 0.018846
Train Epoch: 9 [500/2772 (2%)]	Loss: 0.006726
Train Epoch: 9 [600/2772 (2%)]	Loss: 0.011368
Train Epoch: 9 [700/2772 (3%)]	Loss: 0.006475
Train Epoch: 9 [800/2772 (3%)]	Loss: 0.011916
Train Epoch: 9 [900/2772 (3%)]	Loss: 0.011450
Train Epoch: 9 [1000/2772 (4%)]	Loss: 0.008036
Train Epoch: 9 [1100/2772 (4%)]	Loss: 0.011284
Train Epoch: 9 [1200/2772 (4%)]	Loss: 0.010761
Train Epoch: 9 [1300/2772 (5%)]	Loss: 0.010253
Train Epoch: 9 [1400/2772 (5%)]	Loss: 0.016593
Train Epoch: 9 [1500/2772 (5%)]	Loss: 0.003702
Train Epoch: 9 [1600/2772 (6%)]	Loss: 0.010667
Train Epoch: 9 [1700/2772 (6%)]	Loss: 0.014035
Train Epoch: 9 [1800/2772 (6%)]	Loss: 0.011786
Train Epoch: 9 [1900/2772 (7%)]	Loss: 0.020201
Train Epoch: 9 [2000/2772 (7%)]	Loss: 0.008416
Train Epoch: 9 [2100/2772 (8%)]	Loss: 0.011624
Train Epoch: 9 [2200/2772 (8%)]	Loss: 0.007858
Train Epoch: 9 [2300/2772 (8%)]	Loss: 0.010369
Train Epoch: 9 [2400/2772 (9%)]	Loss: 0.013362
Train Epoch: 9 [2500/2772 (9%)]	Loss: 0.010677
Train Epoch: 9 [2600/2772 (9%)]	Loss: 0.002348
Train Epoch: 9 [2700/2772 (10%)]	Loss: 0.025854

Average Train Epoch Loss:  0.01316621744401167
Average Validation Epoch Loss:  0.02273335212240459
Average Threat Score:  1.6895173334334262e-05
